<?xml version="1.0" encoding="UTF-8"?>
<testsuite xmlns:xsi="http://www.w3.org/2001/XMLSchema-instance" xsi:schemaLocation="https://maven.apache.org/surefire/maven-surefire-plugin/xsd/surefire-test-report.xsd" name="com.script.runner.AllToolsRunner" time="4,225.956" tests="78" errors="0" skipped="0" failures="4">
  <properties>
[...]
</properties>
  <testcase name="runScenario" classname="com.script.runner.AllToolsRunner" time="17.451">
    <failure message="Cannot invoke &quot;org.openqa.selenium.TakesScreenshot.getScreenshotAs(org.openqa.selenium.OutputType)&quot; because &quot;ts&quot; is null" type="java.lang.NullPointerException">java.lang.NullPointerException: Cannot invoke "org.openqa.selenium.TakesScreenshot.getScreenshotAs(org.openqa.selenium.OutputType)" because "ts" is null
</failure>
    <system-out><![CDATA[
@Regressiontest
Scenario Outline: Appdata Tool - To verify that user should be able to add data from a web URL in Appdata tool # Features/Appdata.feature:12
*******************Test Case started*******************************
  Given Application is launched in browser for Appdata Tool SheetName "AppdataTool" and rownumber 0            # com.script.stepdefination.AppdataToolStepDefinition.LaunchApplication(java.lang.String,int)
      java.lang.NullPointerException: Cannot invoke "org.openqa.selenium.TakesScreenshot.getScreenshotAs(org.openqa.selenium.OutputType)" because "ts" is null
	at com.utilities.TestResultScreenshot.capture(TestResultScreenshot.java:15)
	at com.utilities.TestResults.PrintFailResultToReport(TestResults.java:89)
	at com.utilities.TestInitializer.LaunchBrowser(TestInitializer.java:124)
	at com.script.stepdefination.AppdataToolStepDefinition.LaunchApplication(AppdataToolStepDefinition.java:32)
	at ✽.Application is launched in browser for Appdata Tool SheetName "AppdataTool" and rownumber 0(file:///D:/Data/AUTOMATION_ETL/SCHEDULE_TASKS/EMAP_UI_Automation-GTM/Features/Appdata.feature:6)

  When Appdata tool is clicked and tool is opened                                                              # com.script.stepdefination.AppdataToolStepDefinition.ClickSelectTool()
  Then User should be able to add data from a web URL in Appdata tool SheetName "AppdataTool" and rownumber 0  # com.script.stepdefination.AppdataToolStepDefinition.AddDataFromWebURL(java.lang.String,int)
]]></system-out>
    <system-err><![CDATA[SLF4J(W): No SLF4J providers were found.
SLF4J(W): Defaulting to no-operation (NOP) logger implementation
SLF4J(W): See https://www.slf4j.org/codes.html#noProviders for further details.
Cleaning up unclosed ZipFile for archive D:\Data\AUTOMATION_ETL\SCHEDULE_TASKS\EMAP_UI_Automation-GTM\.\TestData\EmapTestData.xlsx
]]></system-err>
  </testcase>
  <testcase name="runScenario" classname="com.script.runner.AllToolsRunner" time="54.259"/>
  <testcase name="runScenario" classname="com.script.runner.AllToolsRunner" time="35.571"/>
  <testcase name="runScenario" classname="com.script.runner.AllToolsRunner" time="33.322"/>
  <testcase name="runScenario" classname="com.script.runner.AllToolsRunner" time="25.217"/>
  <testcase name="runScenario" classname="com.script.runner.AllToolsRunner" time="35.025"/>
  <testcase name="runScenario" classname="com.script.runner.AllToolsRunner" time="34.775"/>
  <testcase name="runScenario" classname="com.script.runner.AllToolsRunner" time="33.728"/>
  <testcase name="runScenario" classname="com.script.runner.AllToolsRunner" time="46.711"/>
  <testcase name="runScenario" classname="com.script.runner.AllToolsRunner" time="45.256"/>
  <testcase name="runScenario" classname="com.script.runner.AllToolsRunner" time="56.378"/>
  <testcase name="runScenario" classname="com.script.runner.AllToolsRunner" time="51.718"/>
  <testcase name="runScenario" classname="com.script.runner.AllToolsRunner" time="54.34"/>
  <testcase name="runScenario" classname="com.script.runner.AllToolsRunner" time="52.161"/>
  <testcase name="runScenario" classname="com.script.runner.AllToolsRunner" time="53.445"/>
  <testcase name="runScenario" classname="com.script.runner.AllToolsRunner" time="40.239"/>
  <testcase name="runScenario" classname="com.script.runner.AllToolsRunner" time="45.627"/>
  <testcase name="runScenario" classname="com.script.runner.AllToolsRunner" time="39.676"/>
  <testcase name="runScenario" classname="com.script.runner.AllToolsRunner" time="38.602"/>
  <testcase name="runScenario" classname="com.script.runner.AllToolsRunner" time="37.172"/>
  <testcase name="runScenario" classname="com.script.runner.AllToolsRunner" time="37.808"/>
  <testcase name="runScenario" classname="com.script.runner.AllToolsRunner" time="37.368"/>
  <testcase name="runScenario" classname="com.script.runner.AllToolsRunner" time="42.573"/>
  <testcase name="runScenario" classname="com.script.runner.AllToolsRunner" time="38.036"/>
  <testcase name="runScenario" classname="com.script.runner.AllToolsRunner" time="38.012"/>
  <testcase name="runScenario" classname="com.script.runner.AllToolsRunner" time="34.712"/>
  <testcase name="runScenario" classname="com.script.runner.AllToolsRunner" time="37.722"/>
  <testcase name="runScenario" classname="com.script.runner.AllToolsRunner" time="32.913"/>
  <testcase name="runScenario" classname="com.script.runner.AllToolsRunner" time="33.679">
    <failure type="java.lang.AssertionError:">java.lang.AssertionError: null
</failure>
    <system-out><![CDATA[
@Regressiontest
Scenario Outline: ImageryTool - To verify that user can open pictometry and can see the pictures in widget by plotting point on map # Features/ImageryTool.feature:32
*******************Test Case started*******************************
  Given Application is launched in browser for Imagery Tool SheetName "ImageryTool" and rownumber 2                                 # com.script.stepdefination.ImageryToolStepDefinition.LaunchApplication(java.lang.String,int)
  When Imagery tool is clicked and tool is opened                                                                                   # com.script.stepdefination.ImageryToolStepDefinition.ClickImageryTool()
  Then User can open pictometry and can see the pictures in widget by plotting points on map                                        # com.script.stepdefination.ImageryToolStepDefinition.OpenPictometry()
      java.lang.AssertionError: null
	at org.testng.Assert.fail(Assert.java:99)
	at org.testng.Assert.fail(Assert.java:106)
	at com.applicationfunction.ToolImageryPage.TakePictures(ToolImageryPage.java:227)
	at com.applicationfunction.ToolImageryPage.ClickPictometry(ToolImageryPage.java:188)
	at com.script.stepdefination.ImageryToolStepDefinition.OpenPictometry(ImageryToolStepDefinition.java:65)
	at ✽.User can open pictometry and can see the pictures in widget by plotting points on map(file:///D:/Data/AUTOMATION_ETL/SCHEDULE_TASKS/EMAP_UI_Automation-GTM/Features/ImageryTool.feature:28)

]]></system-out>
    <system-err><![CDATA[Cleaning up unclosed ZipFile for archive D:\Data\AUTOMATION_ETL\SCHEDULE_TASKS\EMAP_UI_Automation-GTM\.\TestData\EmapTestData.xlsx
Oct 03, 2024 4:19:21 AM org.openqa.selenium.devtools.CdpVersionFinder findNearestMatch
WARNING: Unable to find CDP implementation matching 129
Oct 03, 2024 4:19:21 AM org.openqa.selenium.chromium.ChromiumDriver lambda$new$5
WARNING: Unable to find version of CDP to use for 129.0.6668.89. You may need to include a dependency on a specific version of the CDP using something similar to `org.seleniumhq.selenium:selenium-devtools-v86:4.17.0` where the version ("v86") matches the version of the chromium-based browser you're using and the version number of the artifact is the same as Selenium's.
]]></system-err>
  </testcase>
  <testcase name="runScenario" classname="com.script.runner.AllToolsRunner" time="47.903"/>
  <testcase name="runScenario" classname="com.script.runner.AllToolsRunner" time="36.905"/>
  <testcase name="runScenario" classname="com.script.runner.AllToolsRunner" time="69.637"/>
  <testcase name="runScenario" classname="com.script.runner.AllToolsRunner" time="19.712"/>
  <testcase name="runScenario" classname="com.script.runner.AllToolsRunner" time="22.885"/>
  <testcase name="runScenario" classname="com.script.runner.AllToolsRunner" time="41.331">
    <failure type="java.lang.AssertionError:">java.lang.AssertionError: null
</failure>
    <system-out><![CDATA[
@Regressiontest
Scenario Outline: LocatorTool - To verify that user should be able to use Valve Section serach option to locate an asset, location on the pipeline, or Compliance feature # Features/LocatorTool.feature:22
*******************Test Case started*******************************
  Given Application is launched in browser for Locator Tool SheetName "LocatorTool" and rownumber 1                                                                       # com.script.stepdefination.LocatorToolStepDefinition.LaunchApplication(java.lang.String,int)
  When Locator tool is clicked and tool is opened                                                                                                                         # com.script.stepdefination.LocatorToolStepDefinition.ClickLocatorTool()
  Then User should be able to use Valve Section serach option to locate an asset, location on the pipeline, or Compliance feature SheetName "LocatorTool" and rownumber 1 # com.script.stepdefination.LocatorToolStepDefinition.LocatewithValveSelection(java.lang.String,int)
      java.lang.AssertionError: null
	at org.testng.Assert.fail(Assert.java:99)
	at org.testng.Assert.fail(Assert.java:106)
	at com.utilities.StepExecutor.ElementClick(StepExecutor.java:55)
	at com.applicationfunction.ToolLocatorPage.SelectValveSection(ToolLocatorPage.java:109)
	at com.script.stepdefination.LocatorToolStepDefinition.LocatewithValveSelection(LocatorToolStepDefinition.java:61)
	at ✽.User should be able to use Valve Section serach option to locate an asset, location on the pipeline, or Compliance feature SheetName "LocatorTool" and rownumber 1(file:///D:/Data/AUTOMATION_ETL/SCHEDULE_TASKS/EMAP_UI_Automation-GTM/Features/LocatorTool.feature:18)

]]></system-out>
    <system-err><![CDATA[Oct 03, 2024 4:23:12 AM org.openqa.selenium.devtools.CdpVersionFinder findNearestMatch
WARNING: Unable to find CDP implementation matching 129
Oct 03, 2024 4:23:12 AM org.openqa.selenium.chromium.ChromiumDriver lambda$new$5
WARNING: Unable to find version of CDP to use for 129.0.6668.89. You may need to include a dependency on a specific version of the CDP using something similar to `org.seleniumhq.selenium:selenium-devtools-v86:4.17.0` where the version ("v86") matches the version of the chromium-based browser you're using and the version number of the artifact is the same as Selenium's.
Cleaning up unclosed ZipFile for archive D:\Data\AUTOMATION_ETL\SCHEDULE_TASKS\EMAP_UI_Automation-GTM\.\TestData\EmapTestData.xlsx
]]></system-err>
  </testcase>
  <testcase name="runScenario" classname="com.script.runner.AllToolsRunner" time="25.609"/>
  <testcase name="runScenario" classname="com.script.runner.AllToolsRunner" time="21.81"/>
  <testcase name="runScenario" classname="com.script.runner.AllToolsRunner" time="22.328"/>
  <testcase name="runScenario" classname="com.script.runner.AllToolsRunner" time="27.48"/>
  <testcase name="runScenario" classname="com.script.runner.AllToolsRunner" time="30.294">
    <failure type="java.lang.AssertionError:">java.lang.AssertionError: null
</failure>
    <system-out><![CDATA[
@Regressiontest
Scenario Outline: LocatorTool - To verify that user should be able to use HCA serach option to locate an asset, location on the pipeline, or Compliance feature # Features/LocatorTool.feature:72
*******************Test Case started*******************************
  Given Application is launched in browser for Locator Tool SheetName "LocatorTool" and rownumber 6                                                             # com.script.stepdefination.LocatorToolStepDefinition.LaunchApplication(java.lang.String,int)
  When Locator tool is clicked and tool is opened                                                                                                               # com.script.stepdefination.LocatorToolStepDefinition.ClickLocatorTool()
  Then User should be able to use HCA serach option to locate an asset, location on the pipeline, or Compliance feature SheetName "LocatorTool" and rownumber 6 # com.script.stepdefination.LocatorToolStepDefinition.LocatewithHCA(java.lang.String,int)
      java.lang.AssertionError: null
	at org.testng.Assert.fail(Assert.java:99)
	at org.testng.Assert.fail(Assert.java:106)
	at com.utilities.StepExecutor.ElementClick(StepExecutor.java:55)
	at com.applicationfunction.ToolLocatorPage.SelectBusinessUnit(ToolLocatorPage.java:64)
	at com.script.stepdefination.LocatorToolStepDefinition.LocatewithHCA(LocatorToolStepDefinition.java:119)
	at ✽.User should be able to use HCA serach option to locate an asset, location on the pipeline, or Compliance feature SheetName "LocatorTool" and rownumber 6(file:///D:/Data/AUTOMATION_ETL/SCHEDULE_TASKS/EMAP_UI_Automation-GTM/Features/LocatorTool.feature:68)

]]></system-out>
    <system-err><![CDATA[Oct 03, 2024 4:25:31 AM org.openqa.selenium.devtools.CdpVersionFinder findNearestMatch
WARNING: Unable to find CDP implementation matching 129
Oct 03, 2024 4:25:31 AM org.openqa.selenium.chromium.ChromiumDriver lambda$new$5
WARNING: Unable to find version of CDP to use for 129.0.6668.89. You may need to include a dependency on a specific version of the CDP using something similar to `org.seleniumhq.selenium:selenium-devtools-v86:4.17.0` where the version ("v86") matches the version of the chromium-based browser you're using and the version number of the artifact is the same as Selenium's.
]]></system-err>
  </testcase>
  <testcase name="runScenario" classname="com.script.runner.AllToolsRunner" time="21.834"/>
  <testcase name="runScenario" classname="com.script.runner.AllToolsRunner" time="24.237"/>
  <testcase name="runScenario" classname="com.script.runner.AllToolsRunner" time="26.737"/>
  <testcase name="runScenario" classname="com.script.runner.AllToolsRunner" time="21.345"/>
  <testcase name="runScenario" classname="com.script.runner.AllToolsRunner" time="21.732"/>
  <testcase name="runScenario" classname="com.script.runner.AllToolsRunner" time="21.134"/>
  <testcase name="runScenario" classname="com.script.runner.AllToolsRunner" time="21.62"/>
  <testcase name="runScenario" classname="com.script.runner.AllToolsRunner" time="20.727"/>
  <testcase name="runScenario" classname="com.script.runner.AllToolsRunner" time="15.832"/>
  <testcase name="runScenario" classname="com.script.runner.AllToolsRunner" time="16.416"/>
  <testcase name="runScenario" classname="com.script.runner.AllToolsRunner" time="18.586"/>
  <testcase name="runScenario" classname="com.script.runner.AllToolsRunner" time="15.933"/>
  <testcase name="runScenario" classname="com.script.runner.AllToolsRunner" time="16.967"/>
  <testcase name="runScenario" classname="com.script.runner.AllToolsRunner" time="16.222"/>
  <testcase name="runScenario" classname="com.script.runner.AllToolsRunner" time="16.397"/>
  <testcase name="runScenario" classname="com.script.runner.AllToolsRunner" time="32.506"/>
  <testcase name="runScenario" classname="com.script.runner.AllToolsRunner" time="21.183"/>
  <testcase name="runScenario" classname="com.script.runner.AllToolsRunner" time="29.07"/>
  <testcase name="runScenario" classname="com.script.runner.AllToolsRunner" time="29.908"/>
  <testcase name="runScenario" classname="com.script.runner.AllToolsRunner" time="335.536"/>
  <testcase name="runScenario" classname="com.script.runner.AllToolsRunner" time="347.015"/>
  <testcase name="runScenario" classname="com.script.runner.AllToolsRunner" time="331.445"/>
  <testcase name="runScenario" classname="com.script.runner.AllToolsRunner" time="332.653"/>
  <testcase name="runScenario" classname="com.script.runner.AllToolsRunner" time="215.976"/>
  <testcase name="runScenario" classname="com.script.runner.AllToolsRunner" time="371.262"/>
  <testcase name="runScenario" classname="com.script.runner.AllToolsRunner" time="37.001"/>
  <testcase name="runScenario" classname="com.script.runner.AllToolsRunner" time="35.227"/>
  <testcase name="runScenario" classname="com.script.runner.AllToolsRunner" time="36.32"/>
  <testcase name="runScenario" classname="com.script.runner.AllToolsRunner" time="26.27"/>
  <testcase name="runScenario" classname="com.script.runner.AllToolsRunner" time="23.56"/>
  <testcase name="runScenario" classname="com.script.runner.AllToolsRunner" time="19.606"/>
  <testcase name="runScenario" classname="com.script.runner.AllToolsRunner" time="19.332"/>
  <testcase name="runScenario" classname="com.script.runner.AllToolsRunner" time="26.522"/>
  <testcase name="runScenario" classname="com.script.runner.AllToolsRunner" time="19.717"/>
  <testcase name="runScenario" classname="com.script.runner.AllToolsRunner" time="26.139"/>
  <testcase name="runScenario" classname="com.script.runner.AllToolsRunner" time="24.075"/>
  <testcase name="runScenario" classname="com.script.runner.AllToolsRunner" time="22.333"/>
  <testcase name="runScenario" classname="com.script.runner.AllToolsRunner" time="32.678"/>
</testsuite>