<?xml version="1.0" encoding="UTF-8"?>
<testng-results ignored="0" total="78" passed="74" failed="4" skipped="0">
  <reporter-output>
  </reporter-output>
  <suite started-at="2024-10-03T04:00:26 CDT" name="Surefire suite" finished-at="2024-10-03T05:10:48 CDT" duration-ms="4222069">
    <groups>
      <group name="cucumber">
        <method signature="AbstractTestNGCucumberTests.runScenario(io.cucumber.testng.PickleWrapper,io.cucumber.testng.FeatureWrapper)[pri:0, instance:com.script.runner.AllToolsRunner@78dd667e]" name="runScenario" class="io.cucumber.testng.AbstractTestNGCucumberTests"/>
      </group> <!-- cucumber -->
    </groups>
    <test started-at="2024-10-03T04:00:26 CDT" name="Surefire test" finished-at="2024-10-03T05:10:48 CDT" duration-ms="4222069">
      <class name="com.script.runner.AllToolsRunner">
        <test-method is-config="true" signature="setUpClass()[pri:0, instance:com.script.runner.AllToolsRunner@78dd667e]" started-at="2024-10-03T04:00:26 CDT" name="setUpClass" finished-at="2024-10-03T04:00:27 CDT" duration-ms="924" status="PASS">
          <reporter-output>
          </reporter-output>
        </test-method> <!-- setUpClass -->
        <test-method is-config="true" signature="BeforeTest()[pri:0, instance:com.script.runner.AllToolsRunner@78dd667e]" started-at="2024-10-03T04:00:27 CDT" name="BeforeTest" finished-at="2024-10-03T04:00:27 CDT" duration-ms="40" status="PASS">
          <reporter-output>
          </reporter-output>
        </test-method> <!-- BeforeTest -->
        <test-method signature="runScenario(io.cucumber.testng.PickleWrapper,io.cucumber.testng.FeatureWrapper)[pri:0, instance:com.script.runner.AllToolsRunner@78dd667e]" started-at="2024-10-03T04:00:27 CDT" name="runScenario" description="Runs Cucumber Scenarios" data-provider="scenarios" finished-at="2024-10-03T04:00:44 CDT" duration-ms="16844" status="FAIL">
          <params>
            <param index="0">
              <value>
                <![CDATA["Appdata Tool - To verify that user should be able to add data from a web URL in Appdata tool"]]>
              </value>
            </param>
            <param index="1">
              <value>
                <![CDATA["Optional[Scenarios for Appdata Tool]"]]>
              </value>
            </param>
          </params>
          <exception class="java.lang.NullPointerException">
            <message>
              <![CDATA[Cannot invoke "org.openqa.selenium.TakesScreenshot.getScreenshotAs(org.openqa.selenium.OutputType)" because "ts" is null]]>
            </message>
            <full-stacktrace>
              <![CDATA[java.lang.NullPointerException: Cannot invoke "org.openqa.selenium.TakesScreenshot.getScreenshotAs(org.openqa.selenium.OutputType)" because "ts" is null
at com.utilities.TestResultScreenshot.capture(TestResultScreenshot.java:15)
at com.utilities.TestResults.PrintFailResultToReport(TestResults.java:89)
at com.utilities.TestInitializer.LaunchBrowser(TestInitializer.java:124)
at com.script.stepdefination.AppdataToolStepDefinition.LaunchApplication(AppdataToolStepDefinition.java:32)
at ✽.Application is launched in browser for Appdata Tool SheetName "AppdataTool" and rownumber 0(file:///D:/Data/AUTOMATION_ETL/SCHEDULE_TASKS/EMAP_UI_Automation-GTM/Features/Appdata.feature:6)
]]>
            </full-stacktrace>
          </exception> <!-- java.lang.NullPointerException -->
          <reporter-output>
          </reporter-output>
        </test-method> <!-- runScenario -->
        <test-method signature="runScenario(io.cucumber.testng.PickleWrapper,io.cucumber.testng.FeatureWrapper)[pri:0, instance:com.script.runner.AllToolsRunner@78dd667e]" started-at="2024-10-03T04:00:44 CDT" name="runScenario" description="Runs Cucumber Scenarios" data-provider="scenarios" finished-at="2024-10-03T04:01:39 CDT" duration-ms="54521" status="PASS">
          <params>
            <param index="0">
              <value>
                <![CDATA["Appdata Tool - To verify that user should be able to add data using serach section in Appdata tool"]]>
              </value>
            </param>
            <param index="1">
              <value>
                <![CDATA["Optional[Scenarios for Appdata Tool]"]]>
              </value>
            </param>
          </params>
          <reporter-output>
          </reporter-output>
        </test-method> <!-- runScenario -->
        <test-method signature="runScenario(io.cucumber.testng.PickleWrapper,io.cucumber.testng.FeatureWrapper)[pri:0, instance:com.script.runner.AllToolsRunner@78dd667e]" started-at="2024-10-03T04:01:39 CDT" name="runScenario" description="Runs Cucumber Scenarios" data-provider="scenarios" finished-at="2024-10-03T04:02:14 CDT" duration-ms="35643" status="PASS">
          <params>
            <param index="0">
              <value>
                <![CDATA["To verify that user can add the bookmark"]]>
              </value>
            </param>
            <param index="1">
              <value>
                <![CDATA["Optional[Scenarios for Bookmark Tool]"]]>
              </value>
            </param>
          </params>
          <reporter-output>
          </reporter-output>
        </test-method> <!-- runScenario -->
        <test-method signature="runScenario(io.cucumber.testng.PickleWrapper,io.cucumber.testng.FeatureWrapper)[pri:0, instance:com.script.runner.AllToolsRunner@78dd667e]" started-at="2024-10-03T04:02:14 CDT" name="runScenario" description="Runs Cucumber Scenarios" data-provider="scenarios" finished-at="2024-10-03T04:02:48 CDT" duration-ms="33322" status="PASS">
          <params>
            <param index="0">
              <value>
                <![CDATA["To verify that user can delete the bookmark"]]>
              </value>
            </param>
            <param index="1">
              <value>
                <![CDATA["Optional[Scenarios for Bookmark Tool]"]]>
              </value>
            </param>
          </params>
          <reporter-output>
          </reporter-output>
        </test-method> <!-- runScenario -->
        <test-method signature="runScenario(io.cucumber.testng.PickleWrapper,io.cucumber.testng.FeatureWrapper)[pri:0, instance:com.script.runner.AllToolsRunner@78dd667e]" started-at="2024-10-03T04:02:48 CDT" name="runScenario" description="Runs Cucumber Scenarios" data-provider="scenarios" finished-at="2024-10-03T04:03:13 CDT" duration-ms="25213" status="PASS">
          <params>
            <param index="0">
              <value>
                <![CDATA["To verify that user can edit the bookmark"]]>
              </value>
            </param>
            <param index="1">
              <value>
                <![CDATA["Optional[Scenarios for Bookmark Tool]"]]>
              </value>
            </param>
          </params>
          <reporter-output>
          </reporter-output>
        </test-method> <!-- runScenario -->
        <test-method signature="runScenario(io.cucumber.testng.PickleWrapper,io.cucumber.testng.FeatureWrapper)[pri:0, instance:com.script.runner.AllToolsRunner@78dd667e]" started-at="2024-10-03T04:03:13 CDT" name="runScenario" description="Runs Cucumber Scenarios" data-provider="scenarios" finished-at="2024-10-03T04:03:48 CDT" duration-ms="35028" status="PASS">
          <params>
            <param index="0">
              <value>
                <![CDATA["DirectionsTool - To verify that user should be able to get direction between two locations using Directions tool and also able to get Driving Time"]]>
              </value>
            </param>
            <param index="1">
              <value>
                <![CDATA["Optional[Scenarios for Directions Tool]"]]>
              </value>
            </param>
          </params>
          <reporter-output>
          </reporter-output>
        </test-method> <!-- runScenario -->
        <test-method signature="runScenario(io.cucumber.testng.PickleWrapper,io.cucumber.testng.FeatureWrapper)[pri:0, instance:com.script.runner.AllToolsRunner@78dd667e]" started-at="2024-10-03T04:03:48 CDT" name="runScenario" description="Runs Cucumber Scenarios" data-provider="scenarios" finished-at="2024-10-03T04:04:23 CDT" duration-ms="34774" status="PASS">
          <params>
            <param index="0">
              <value>
                <![CDATA["DirectionsTool - To verify that user should be able to get direction between two locations using Directions tool and also able to get Rural Driving Time"]]>
              </value>
            </param>
            <param index="1">
              <value>
                <![CDATA["Optional[Scenarios for Directions Tool]"]]>
              </value>
            </param>
          </params>
          <reporter-output>
          </reporter-output>
        </test-method> <!-- runScenario -->
        <test-method signature="runScenario(io.cucumber.testng.PickleWrapper,io.cucumber.testng.FeatureWrapper)[pri:0, instance:com.script.runner.AllToolsRunner@78dd667e]" started-at="2024-10-03T04:04:23 CDT" name="runScenario" description="Runs Cucumber Scenarios" data-provider="scenarios" finished-at="2024-10-03T04:04:56 CDT" duration-ms="33728" status="PASS">
          <params>
            <param index="0">
              <value>
                <![CDATA["DirectionsTool - To verify that user should be able to get direction between two locations using Directions tool and also able to get Walking Time"]]>
              </value>
            </param>
            <param index="1">
              <value>
                <![CDATA["Optional[Scenarios for Directions Tool]"]]>
              </value>
            </param>
          </params>
          <reporter-output>
          </reporter-output>
        </test-method> <!-- runScenario -->
        <test-method signature="runScenario(io.cucumber.testng.PickleWrapper,io.cucumber.testng.FeatureWrapper)[pri:0, instance:com.script.runner.AllToolsRunner@78dd667e]" started-at="2024-10-03T04:04:56 CDT" name="runScenario" description="Runs Cucumber Scenarios" data-provider="scenarios" finished-at="2024-10-03T04:05:43 CDT" duration-ms="46713" status="PASS">
          <params>
            <param index="0">
              <value>
                <![CDATA["ElevationProfileTool - To verify that user should be able generate elevation profile with measurement unit Miles and also should be able to use profile result option"]]>
              </value>
            </param>
            <param index="1">
              <value>
                <![CDATA["Optional[Scenarios for Elevation profile Tool]"]]>
              </value>
            </param>
          </params>
          <reporter-output>
          </reporter-output>
        </test-method> <!-- runScenario -->
        <test-method signature="runScenario(io.cucumber.testng.PickleWrapper,io.cucumber.testng.FeatureWrapper)[pri:0, instance:com.script.runner.AllToolsRunner@78dd667e]" started-at="2024-10-03T04:05:43 CDT" name="runScenario" description="Runs Cucumber Scenarios" data-provider="scenarios" finished-at="2024-10-03T04:06:28 CDT" duration-ms="45255" status="PASS">
          <params>
            <param index="0">
              <value>
                <![CDATA["ElevationProfileTool - To verify that user should be able generate elevation profile with measurement unit Kilometers and also should be able to use profile result option"]]>
              </value>
            </param>
            <param index="1">
              <value>
                <![CDATA["Optional[Scenarios for Elevation profile Tool]"]]>
              </value>
            </param>
          </params>
          <reporter-output>
          </reporter-output>
        </test-method> <!-- runScenario -->
        <test-method signature="runScenario(io.cucumber.testng.PickleWrapper,io.cucumber.testng.FeatureWrapper)[pri:0, instance:com.script.runner.AllToolsRunner@78dd667e]" started-at="2024-10-03T04:06:28 CDT" name="runScenario" description="Runs Cucumber Scenarios" data-provider="scenarios" finished-at="2024-10-03T04:07:25 CDT" duration-ms="56377" status="PASS">
          <params>
            <param index="0">
              <value>
                <![CDATA["ElevationProfileTool - To verify that user should be able generate elevation profile with measurement unit Feet and also should be able to use profile result option"]]>
              </value>
            </param>
            <param index="1">
              <value>
                <![CDATA["Optional[Scenarios for Elevation profile Tool]"]]>
              </value>
            </param>
          </params>
          <reporter-output>
          </reporter-output>
        </test-method> <!-- runScenario -->
        <test-method signature="runScenario(io.cucumber.testng.PickleWrapper,io.cucumber.testng.FeatureWrapper)[pri:0, instance:com.script.runner.AllToolsRunner@78dd667e]" started-at="2024-10-03T04:07:25 CDT" name="runScenario" description="Runs Cucumber Scenarios" data-provider="scenarios" finished-at="2024-10-03T04:08:16 CDT" duration-ms="51718" status="PASS">
          <params>
            <param index="0">
              <value>
                <![CDATA["ElevationProfileTool - To verify that user should be able generate elevation profile with measurement unit Feet US and also should be able to use profile result option"]]>
              </value>
            </param>
            <param index="1">
              <value>
                <![CDATA["Optional[Scenarios for Elevation profile Tool]"]]>
              </value>
            </param>
          </params>
          <reporter-output>
          </reporter-output>
        </test-method> <!-- runScenario -->
        <test-method signature="runScenario(io.cucumber.testng.PickleWrapper,io.cucumber.testng.FeatureWrapper)[pri:0, instance:com.script.runner.AllToolsRunner@78dd667e]" started-at="2024-10-03T04:08:16 CDT" name="runScenario" description="Runs Cucumber Scenarios" data-provider="scenarios" finished-at="2024-10-03T04:09:11 CDT" duration-ms="54340" status="PASS">
          <params>
            <param index="0">
              <value>
                <![CDATA["ElevationProfileTool - To verify that user should be able generate elevation profile with measurement unit Meters and also should be able to use profile result option"]]>
              </value>
            </param>
            <param index="1">
              <value>
                <![CDATA["Optional[Scenarios for Elevation profile Tool]"]]>
              </value>
            </param>
          </params>
          <reporter-output>
          </reporter-output>
        </test-method> <!-- runScenario -->
        <test-method signature="runScenario(io.cucumber.testng.PickleWrapper,io.cucumber.testng.FeatureWrapper)[pri:0, instance:com.script.runner.AllToolsRunner@78dd667e]" started-at="2024-10-03T04:09:11 CDT" name="runScenario" description="Runs Cucumber Scenarios" data-provider="scenarios" finished-at="2024-10-03T04:10:03 CDT" duration-ms="52160" status="PASS">
          <params>
            <param index="0">
              <value>
                <![CDATA["ElevationProfileTool - To verify that user should be able generate elevation profile with measurement unit Yards and also should be able to use profile result option"]]>
              </value>
            </param>
            <param index="1">
              <value>
                <![CDATA["Optional[Scenarios for Elevation profile Tool]"]]>
              </value>
            </param>
          </params>
          <reporter-output>
          </reporter-output>
        </test-method> <!-- runScenario -->
        <test-method signature="runScenario(io.cucumber.testng.PickleWrapper,io.cucumber.testng.FeatureWrapper)[pri:0, instance:com.script.runner.AllToolsRunner@78dd667e]" started-at="2024-10-03T04:10:03 CDT" name="runScenario" description="Runs Cucumber Scenarios" data-provider="scenarios" finished-at="2024-10-03T04:10:56 CDT" duration-ms="53438" status="PASS">
          <params>
            <param index="0">
              <value>
                <![CDATA["ElevationProfileTool - To verify that user should be able generate elevation profile with measurement unit Nautical Miles and also should be able to use profile result option"]]>
              </value>
            </param>
            <param index="1">
              <value>
                <![CDATA["Optional[Scenarios for Elevation profile Tool]"]]>
              </value>
            </param>
          </params>
          <reporter-output>
          </reporter-output>
        </test-method> <!-- runScenario -->
        <test-method signature="runScenario(io.cucumber.testng.PickleWrapper,io.cucumber.testng.FeatureWrapper)[pri:0, instance:com.script.runner.AllToolsRunner@78dd667e]" started-at="2024-10-03T04:10:56 CDT" name="runScenario" description="Runs Cucumber Scenarios" data-provider="scenarios" finished-at="2024-10-03T04:11:37 CDT" duration-ms="40244" status="PASS">
          <params>
            <param index="0">
              <value>
                <![CDATA["EnhancedDrawTool - To verify that user should be able to draw point feature on map"]]>
              </value>
            </param>
            <param index="1">
              <value>
                <![CDATA["Optional[Scenarios for Enhanced Draw Tool]"]]>
              </value>
            </param>
          </params>
          <reporter-output>
          </reporter-output>
        </test-method> <!-- runScenario -->
        <test-method signature="runScenario(io.cucumber.testng.PickleWrapper,io.cucumber.testng.FeatureWrapper)[pri:0, instance:com.script.runner.AllToolsRunner@78dd667e]" started-at="2024-10-03T04:11:37 CDT" name="runScenario" description="Runs Cucumber Scenarios" data-provider="scenarios" finished-at="2024-10-03T04:12:22 CDT" duration-ms="45587" status="PASS">
          <params>
            <param index="0">
              <value>
                <![CDATA["EnhancedDrawTool - To verify that user should be able to draw line feature on map"]]>
              </value>
            </param>
            <param index="1">
              <value>
                <![CDATA["Optional[Scenarios for Enhanced Draw Tool]"]]>
              </value>
            </param>
          </params>
          <reporter-output>
          </reporter-output>
        </test-method> <!-- runScenario -->
        <test-method signature="runScenario(io.cucumber.testng.PickleWrapper,io.cucumber.testng.FeatureWrapper)[pri:0, instance:com.script.runner.AllToolsRunner@78dd667e]" started-at="2024-10-03T04:12:22 CDT" name="runScenario" description="Runs Cucumber Scenarios" data-provider="scenarios" finished-at="2024-10-03T04:13:02 CDT" duration-ms="39715" status="PASS">
          <params>
            <param index="0">
              <value>
                <![CDATA["EnhancedDrawTool - To verify that user should be able to draw polyline feature on map"]]>
              </value>
            </param>
            <param index="1">
              <value>
                <![CDATA["Optional[Scenarios for Enhanced Draw Tool]"]]>
              </value>
            </param>
          </params>
          <reporter-output>
          </reporter-output>
        </test-method> <!-- runScenario -->
        <test-method signature="runScenario(io.cucumber.testng.PickleWrapper,io.cucumber.testng.FeatureWrapper)[pri:0, instance:com.script.runner.AllToolsRunner@78dd667e]" started-at="2024-10-03T04:13:02 CDT" name="runScenario" description="Runs Cucumber Scenarios" data-provider="scenarios" finished-at="2024-10-03T04:13:40 CDT" duration-ms="38604" status="PASS">
          <params>
            <param index="0">
              <value>
                <![CDATA["EnhancedDrawTool - To verify that user should be able to draw Freehand polyline feature on map"]]>
              </value>
            </param>
            <param index="1">
              <value>
                <![CDATA["Optional[Scenarios for Enhanced Draw Tool]"]]>
              </value>
            </param>
          </params>
          <reporter-output>
          </reporter-output>
        </test-method> <!-- runScenario -->
        <test-method signature="runScenario(io.cucumber.testng.PickleWrapper,io.cucumber.testng.FeatureWrapper)[pri:0, instance:com.script.runner.AllToolsRunner@78dd667e]" started-at="2024-10-03T04:13:40 CDT" name="runScenario" description="Runs Cucumber Scenarios" data-provider="scenarios" finished-at="2024-10-03T04:14:18 CDT" duration-ms="37174" status="PASS">
          <params>
            <param index="0">
              <value>
                <![CDATA["EnhancedDrawTool - To verify that user should be able to draw Triangle feature on map"]]>
              </value>
            </param>
            <param index="1">
              <value>
                <![CDATA["Optional[Scenarios for Enhanced Draw Tool]"]]>
              </value>
            </param>
          </params>
          <reporter-output>
          </reporter-output>
        </test-method> <!-- runScenario -->
        <test-method signature="runScenario(io.cucumber.testng.PickleWrapper,io.cucumber.testng.FeatureWrapper)[pri:0, instance:com.script.runner.AllToolsRunner@78dd667e]" started-at="2024-10-03T04:14:18 CDT" name="runScenario" description="Runs Cucumber Scenarios" data-provider="scenarios" finished-at="2024-10-03T04:14:55 CDT" duration-ms="37808" status="PASS">
          <params>
            <param index="0">
              <value>
                <![CDATA["EnhancedDrawTool - To verify that user should be able to draw Extent feature on map"]]>
              </value>
            </param>
            <param index="1">
              <value>
                <![CDATA["Optional[Scenarios for Enhanced Draw Tool]"]]>
              </value>
            </param>
          </params>
          <reporter-output>
          </reporter-output>
        </test-method> <!-- runScenario -->
        <test-method signature="runScenario(io.cucumber.testng.PickleWrapper,io.cucumber.testng.FeatureWrapper)[pri:0, instance:com.script.runner.AllToolsRunner@78dd667e]" started-at="2024-10-03T04:14:55 CDT" name="runScenario" description="Runs Cucumber Scenarios" data-provider="scenarios" finished-at="2024-10-03T04:15:33 CDT" duration-ms="37369" status="PASS">
          <params>
            <param index="0">
              <value>
                <![CDATA["EnhancedDrawTool - To verify that user should be able to draw Circle feature on map"]]>
              </value>
            </param>
            <param index="1">
              <value>
                <![CDATA["Optional[Scenarios for Enhanced Draw Tool]"]]>
              </value>
            </param>
          </params>
          <reporter-output>
          </reporter-output>
        </test-method> <!-- runScenario -->
        <test-method signature="runScenario(io.cucumber.testng.PickleWrapper,io.cucumber.testng.FeatureWrapper)[pri:0, instance:com.script.runner.AllToolsRunner@78dd667e]" started-at="2024-10-03T04:15:33 CDT" name="runScenario" description="Runs Cucumber Scenarios" data-provider="scenarios" finished-at="2024-10-03T04:16:15 CDT" duration-ms="42573" status="PASS">
          <params>
            <param index="0">
              <value>
                <![CDATA["EnhancedDrawTool - To verify that user should be able to draw Ellipse feature on map"]]>
              </value>
            </param>
            <param index="1">
              <value>
                <![CDATA["Optional[Scenarios for Enhanced Draw Tool]"]]>
              </value>
            </param>
          </params>
          <reporter-output>
          </reporter-output>
        </test-method> <!-- runScenario -->
        <test-method signature="runScenario(io.cucumber.testng.PickleWrapper,io.cucumber.testng.FeatureWrapper)[pri:0, instance:com.script.runner.AllToolsRunner@78dd667e]" started-at="2024-10-03T04:16:15 CDT" name="runScenario" description="Runs Cucumber Scenarios" data-provider="scenarios" finished-at="2024-10-03T04:16:53 CDT" duration-ms="38036" status="PASS">
          <params>
            <param index="0">
              <value>
                <![CDATA["EnhancedDrawTool - To verify that user should be able to draw Polygon feature on map"]]>
              </value>
            </param>
            <param index="1">
              <value>
                <![CDATA["Optional[Scenarios for Enhanced Draw Tool]"]]>
              </value>
            </param>
          </params>
          <reporter-output>
          </reporter-output>
        </test-method> <!-- runScenario -->
        <test-method signature="runScenario(io.cucumber.testng.PickleWrapper,io.cucumber.testng.FeatureWrapper)[pri:0, instance:com.script.runner.AllToolsRunner@78dd667e]" started-at="2024-10-03T04:16:53 CDT" name="runScenario" description="Runs Cucumber Scenarios" data-provider="scenarios" finished-at="2024-10-03T04:17:31 CDT" duration-ms="38012" status="PASS">
          <params>
            <param index="0">
              <value>
                <![CDATA["EnhancedDrawTool - To verify that user should be able to draw Freehand Polygon feature on map"]]>
              </value>
            </param>
            <param index="1">
              <value>
                <![CDATA["Optional[Scenarios for Enhanced Draw Tool]"]]>
              </value>
            </param>
          </params>
          <reporter-output>
          </reporter-output>
        </test-method> <!-- runScenario -->
        <test-method signature="runScenario(io.cucumber.testng.PickleWrapper,io.cucumber.testng.FeatureWrapper)[pri:0, instance:com.script.runner.AllToolsRunner@78dd667e]" started-at="2024-10-03T04:17:31 CDT" name="runScenario" description="Runs Cucumber Scenarios" data-provider="scenarios" finished-at="2024-10-03T04:18:06 CDT" duration-ms="34713" status="PASS">
          <params>
            <param index="0">
              <value>
                <![CDATA["EnhancedDrawTool - To verify that user should be able to draw Text feature on map"]]>
              </value>
            </param>
            <param index="1">
              <value>
                <![CDATA["Optional[Scenarios for Enhanced Draw Tool]"]]>
              </value>
            </param>
          </params>
          <reporter-output>
          </reporter-output>
        </test-method> <!-- runScenario -->
        <test-method signature="runScenario(io.cucumber.testng.PickleWrapper,io.cucumber.testng.FeatureWrapper)[pri:0, instance:com.script.runner.AllToolsRunner@78dd667e]" started-at="2024-10-03T04:18:06 CDT" name="runScenario" description="Runs Cucumber Scenarios" data-provider="scenarios" finished-at="2024-10-03T04:18:44 CDT" duration-ms="37721" status="PASS">
          <params>
            <param index="0">
              <value>
                <![CDATA["ImageryTool - To verify that user can select basemap from basemap gallery and as per the selection basemap should be changed"]]>
              </value>
            </param>
            <param index="1">
              <value>
                <![CDATA["Optional[Scenarios for Imagery Tool]"]]>
              </value>
            </param>
          </params>
          <reporter-output>
          </reporter-output>
        </test-method> <!-- runScenario -->
        <test-method signature="runScenario(io.cucumber.testng.PickleWrapper,io.cucumber.testng.FeatureWrapper)[pri:0, instance:com.script.runner.AllToolsRunner@78dd667e]" started-at="2024-10-03T04:18:44 CDT" name="runScenario" description="Runs Cucumber Scenarios" data-provider="scenarios" finished-at="2024-10-03T04:19:17 CDT" duration-ms="32915" status="PASS">
          <params>
            <param index="0">
              <value>
                <![CDATA["ImageryTool - To verify that user can open streetview by setting coordinates on map from streetviewAerial widget"]]>
              </value>
            </param>
            <param index="1">
              <value>
                <![CDATA["Optional[Scenarios for Imagery Tool]"]]>
              </value>
            </param>
          </params>
          <reporter-output>
          </reporter-output>
        </test-method> <!-- runScenario -->
        <test-method signature="runScenario(io.cucumber.testng.PickleWrapper,io.cucumber.testng.FeatureWrapper)[pri:0, instance:com.script.runner.AllToolsRunner@78dd667e]" started-at="2024-10-03T04:19:17 CDT" name="runScenario" description="Runs Cucumber Scenarios" data-provider="scenarios" finished-at="2024-10-03T04:19:50 CDT" duration-ms="33673" status="FAIL">
          <params>
            <param index="0">
              <value>
                <![CDATA["ImageryTool - To verify that user can open pictometry and can see the pictures in widget by plotting point on map"]]>
              </value>
            </param>
            <param index="1">
              <value>
                <![CDATA["Optional[Scenarios for Imagery Tool]"]]>
              </value>
            </param>
          </params>
          <exception class="java.lang.AssertionError">
            <message>
              <![CDATA[null]]>
            </message>
            <full-stacktrace>
              <![CDATA[java.lang.AssertionError: null
at org.testng.Assert.fail(Assert.java:99)
at org.testng.Assert.fail(Assert.java:106)
at com.applicationfunction.ToolImageryPage.TakePictures(ToolImageryPage.java:227)
at com.applicationfunction.ToolImageryPage.ClickPictometry(ToolImageryPage.java:188)
at com.script.stepdefination.ImageryToolStepDefinition.OpenPictometry(ImageryToolStepDefinition.java:65)
at ✽.User can open pictometry and can see the pictures in widget by plotting points on map(file:///D:/Data/AUTOMATION_ETL/SCHEDULE_TASKS/EMAP_UI_Automation-GTM/Features/ImageryTool.feature:28)
]]>
            </full-stacktrace>
          </exception> <!-- java.lang.AssertionError -->
          <reporter-output>
          </reporter-output>
        </test-method> <!-- runScenario -->
        <test-method signature="runScenario(io.cucumber.testng.PickleWrapper,io.cucumber.testng.FeatureWrapper)[pri:0, instance:com.script.runner.AllToolsRunner@78dd667e]" started-at="2024-10-03T04:19:50 CDT" name="runScenario" description="Runs Cucumber Scenarios" data-provider="scenarios" finished-at="2024-10-03T04:20:38 CDT" duration-ms="47906" status="PASS">
          <params>
            <param index="0">
              <value>
                <![CDATA["ImageryTool - To verify that user can open Maxar Imagery tool and can add the layer to map"]]>
              </value>
            </param>
            <param index="1">
              <value>
                <![CDATA["Optional[Scenarios for Imagery Tool]"]]>
              </value>
            </param>
          </params>
          <reporter-output>
          </reporter-output>
        </test-method> <!-- runScenario -->
        <test-method signature="runScenario(io.cucumber.testng.PickleWrapper,io.cucumber.testng.FeatureWrapper)[pri:0, instance:com.script.runner.AllToolsRunner@78dd667e]" started-at="2024-10-03T04:20:38 CDT" name="runScenario" description="Runs Cucumber Scenarios" data-provider="scenarios" finished-at="2024-10-03T04:21:15 CDT" duration-ms="36904" status="PASS">
          <params>
            <param index="0">
              <value>
                <![CDATA["LayerListTool - To verify that user should be able to select/deselect the layer from layerlist tool and as per the selection/deselction visibility of the layer become ON and OFF on map"]]>
              </value>
            </param>
            <param index="1">
              <value>
                <![CDATA["Optional[Scenarios for Layer List Tool]"]]>
              </value>
            </param>
          </params>
          <reporter-output>
          </reporter-output>
        </test-method> <!-- runScenario -->
        <test-method signature="runScenario(io.cucumber.testng.PickleWrapper,io.cucumber.testng.FeatureWrapper)[pri:0, instance:com.script.runner.AllToolsRunner@78dd667e]" started-at="2024-10-03T04:21:15 CDT" name="runScenario" description="Runs Cucumber Scenarios" data-provider="scenarios" finished-at="2024-10-03T04:22:25 CDT" duration-ms="69550" status="PASS">
          <params>
            <param index="0">
              <value>
                <![CDATA["LayerListTool - To verify that user should be able use the popup menu options like Zoom In and Enable/Diable popup of Layer list tool"]]>
              </value>
            </param>
            <param index="1">
              <value>
                <![CDATA["Optional[Scenarios for Layer List Tool]"]]>
              </value>
            </param>
          </params>
          <reporter-output>
          </reporter-output>
        </test-method> <!-- runScenario -->
        <test-method signature="runScenario(io.cucumber.testng.PickleWrapper,io.cucumber.testng.FeatureWrapper)[pri:0, instance:com.script.runner.AllToolsRunner@78dd667e]" started-at="2024-10-03T04:22:25 CDT" name="runScenario" description="Runs Cucumber Scenarios" data-provider="scenarios" finished-at="2024-10-03T04:22:45 CDT" duration-ms="19798" status="PASS">
          <params>
            <param index="0">
              <value>
                <![CDATA["LayerListTool - To verify that user should be able use the popup menu options like expand and collapsed all layers"]]>
              </value>
            </param>
            <param index="1">
              <value>
                <![CDATA["Optional[Scenarios for Layer List Tool]"]]>
              </value>
            </param>
          </params>
          <reporter-output>
          </reporter-output>
        </test-method> <!-- runScenario -->
        <test-method signature="runScenario(io.cucumber.testng.PickleWrapper,io.cucumber.testng.FeatureWrapper)[pri:0, instance:com.script.runner.AllToolsRunner@78dd667e]" started-at="2024-10-03T04:22:45 CDT" name="runScenario" description="Runs Cucumber Scenarios" data-provider="scenarios" finished-at="2024-10-03T04:23:07 CDT" duration-ms="22880" status="PASS">
          <params>
            <param index="0">
              <value>
                <![CDATA["LocatorTool - To verify that user should be able to use Segment Route serach option to locate an asset, location on the pipeline, or Compliance feature"]]>
              </value>
            </param>
            <param index="1">
              <value>
                <![CDATA["Optional[Scenarios for Locator Tool]"]]>
              </value>
            </param>
          </params>
          <reporter-output>
          </reporter-output>
        </test-method> <!-- runScenario -->
        <test-method signature="runScenario(io.cucumber.testng.PickleWrapper,io.cucumber.testng.FeatureWrapper)[pri:0, instance:com.script.runner.AllToolsRunner@78dd667e]" started-at="2024-10-03T04:23:07 CDT" name="runScenario" description="Runs Cucumber Scenarios" data-provider="scenarios" finished-at="2024-10-03T04:23:49 CDT" duration-ms="41334" status="FAIL">
          <params>
            <param index="0">
              <value>
                <![CDATA["LocatorTool - To verify that user should be able to use Valve Section serach option to locate an asset, location on the pipeline, or Compliance feature"]]>
              </value>
            </param>
            <param index="1">
              <value>
                <![CDATA["Optional[Scenarios for Locator Tool]"]]>
              </value>
            </param>
          </params>
          <exception class="java.lang.AssertionError">
            <message>
              <![CDATA[null]]>
            </message>
            <full-stacktrace>
              <![CDATA[java.lang.AssertionError: null
at org.testng.Assert.fail(Assert.java:99)
at org.testng.Assert.fail(Assert.java:106)
at com.utilities.StepExecutor.ElementClick(StepExecutor.java:55)
at com.applicationfunction.ToolLocatorPage.SelectValveSection(ToolLocatorPage.java:109)
at com.script.stepdefination.LocatorToolStepDefinition.LocatewithValveSelection(LocatorToolStepDefinition.java:61)
at ✽.User should be able to use Valve Section serach option to locate an asset, location on the pipeline, or Compliance feature SheetName "LocatorTool" and rownumber 1(file:///D:/Data/AUTOMATION_ETL/SCHEDULE_TASKS/EMAP_UI_Automation-GTM/Features/LocatorTool.feature:18)
]]>
            </full-stacktrace>
          </exception> <!-- java.lang.AssertionError -->
          <reporter-output>
          </reporter-output>
        </test-method> <!-- runScenario -->
        <test-method signature="runScenario(io.cucumber.testng.PickleWrapper,io.cucumber.testng.FeatureWrapper)[pri:0, instance:com.script.runner.AllToolsRunner@78dd667e]" started-at="2024-10-03T04:23:49 CDT" name="runScenario" description="Runs Cucumber Scenarios" data-provider="scenarios" finished-at="2024-10-03T04:24:14 CDT" duration-ms="25609" status="PASS">
          <params>
            <param index="0">
              <value>
                <![CDATA["LocatorTool - To verify that user should be able to use Station Site serach option to locate an asset, location on the pipeline, or Compliance feature"]]>
              </value>
            </param>
            <param index="1">
              <value>
                <![CDATA["Optional[Scenarios for Locator Tool]"]]>
              </value>
            </param>
          </params>
          <reporter-output>
          </reporter-output>
        </test-method> <!-- runScenario -->
        <test-method signature="runScenario(io.cucumber.testng.PickleWrapper,io.cucumber.testng.FeatureWrapper)[pri:0, instance:com.script.runner.AllToolsRunner@78dd667e]" started-at="2024-10-03T04:24:14 CDT" name="runScenario" description="Runs Cucumber Scenarios" data-provider="scenarios" finished-at="2024-10-03T04:24:36 CDT" duration-ms="21810" status="PASS">
          <params>
            <param index="0">
              <value>
                <![CDATA["LocatorTool - To verify that user should be able to use Meter Station serach option to locate an asset, location on the pipeline, or Compliance feature"]]>
              </value>
            </param>
            <param index="1">
              <value>
                <![CDATA["Optional[Scenarios for Locator Tool]"]]>
              </value>
            </param>
          </params>
          <reporter-output>
          </reporter-output>
        </test-method> <!-- runScenario -->
        <test-method signature="runScenario(io.cucumber.testng.PickleWrapper,io.cucumber.testng.FeatureWrapper)[pri:0, instance:com.script.runner.AllToolsRunner@78dd667e]" started-at="2024-10-03T04:24:36 CDT" name="runScenario" description="Runs Cucumber Scenarios" data-provider="scenarios" finished-at="2024-10-03T04:24:59 CDT" duration-ms="22328" status="PASS">
          <params>
            <param index="0">
              <value>
                <![CDATA["LocatorTool - To verify that user should be able to use Valve Site serach option to locate an asset, location on the pipeline, or Compliance feature"]]>
              </value>
            </param>
            <param index="1">
              <value>
                <![CDATA["Optional[Scenarios for Locator Tool]"]]>
              </value>
            </param>
          </params>
          <reporter-output>
          </reporter-output>
        </test-method> <!-- runScenario -->
        <test-method signature="runScenario(io.cucumber.testng.PickleWrapper,io.cucumber.testng.FeatureWrapper)[pri:0, instance:com.script.runner.AllToolsRunner@78dd667e]" started-at="2024-10-03T04:24:59 CDT" name="runScenario" description="Runs Cucumber Scenarios" data-provider="scenarios" finished-at="2024-10-03T04:25:26 CDT" duration-ms="27480" status="PASS">
          <params>
            <param index="0">
              <value>
                <![CDATA["LocatorTool - To verify that user should be able to use Valve serach option to locate an asset, location on the pipeline, or Compliance feature"]]>
              </value>
            </param>
            <param index="1">
              <value>
                <![CDATA["Optional[Scenarios for Locator Tool]"]]>
              </value>
            </param>
          </params>
          <reporter-output>
          </reporter-output>
        </test-method> <!-- runScenario -->
        <test-method signature="runScenario(io.cucumber.testng.PickleWrapper,io.cucumber.testng.FeatureWrapper)[pri:0, instance:com.script.runner.AllToolsRunner@78dd667e]" started-at="2024-10-03T04:25:26 CDT" name="runScenario" description="Runs Cucumber Scenarios" data-provider="scenarios" finished-at="2024-10-03T04:25:56 CDT" duration-ms="30293" status="FAIL">
          <params>
            <param index="0">
              <value>
                <![CDATA["LocatorTool - To verify that user should be able to use HCA serach option to locate an asset, location on the pipeline, or Compliance feature"]]>
              </value>
            </param>
            <param index="1">
              <value>
                <![CDATA["Optional[Scenarios for Locator Tool]"]]>
              </value>
            </param>
          </params>
          <exception class="java.lang.AssertionError">
            <message>
              <![CDATA[null]]>
            </message>
            <full-stacktrace>
              <![CDATA[java.lang.AssertionError: null
at org.testng.Assert.fail(Assert.java:99)
at org.testng.Assert.fail(Assert.java:106)
at com.utilities.StepExecutor.ElementClick(StepExecutor.java:55)
at com.applicationfunction.ToolLocatorPage.SelectBusinessUnit(ToolLocatorPage.java:64)
at com.script.stepdefination.LocatorToolStepDefinition.LocatewithHCA(LocatorToolStepDefinition.java:119)
at ✽.User should be able to use HCA serach option to locate an asset, location on the pipeline, or Compliance feature SheetName "LocatorTool" and rownumber 6(file:///D:/Data/AUTOMATION_ETL/SCHEDULE_TASKS/EMAP_UI_Automation-GTM/Features/LocatorTool.feature:68)
]]>
            </full-stacktrace>
          </exception> <!-- java.lang.AssertionError -->
          <reporter-output>
          </reporter-output>
        </test-method> <!-- runScenario -->
        <test-method signature="runScenario(io.cucumber.testng.PickleWrapper,io.cucumber.testng.FeatureWrapper)[pri:0, instance:com.script.runner.AllToolsRunner@78dd667e]" started-at="2024-10-03T04:25:56 CDT" name="runScenario" description="Runs Cucumber Scenarios" data-provider="scenarios" finished-at="2024-10-03T04:26:18 CDT" duration-ms="21835" status="PASS">
          <params>
            <param index="0">
              <value>
                <![CDATA["MeasurementTool - To verify that user should be able to measure distance in Acres unit with measurement tool option Area"]]>
              </value>
            </param>
            <param index="1">
              <value>
                <![CDATA["Optional[Scenarios for Measurement Tool]"]]>
              </value>
            </param>
          </params>
          <reporter-output>
          </reporter-output>
        </test-method> <!-- runScenario -->
        <test-method signature="runScenario(io.cucumber.testng.PickleWrapper,io.cucumber.testng.FeatureWrapper)[pri:0, instance:com.script.runner.AllToolsRunner@78dd667e]" started-at="2024-10-03T04:26:18 CDT" name="runScenario" description="Runs Cucumber Scenarios" data-provider="scenarios" finished-at="2024-10-03T04:26:42 CDT" duration-ms="24236" status="PASS">
          <params>
            <param index="0">
              <value>
                <![CDATA["MeasurementTool - To verify that user should be able to measure distance in Sq Miles unit with measurement tool option Area"]]>
              </value>
            </param>
            <param index="1">
              <value>
                <![CDATA["Optional[Scenarios for Measurement Tool]"]]>
              </value>
            </param>
          </params>
          <reporter-output>
          </reporter-output>
        </test-method> <!-- runScenario -->
        <test-method signature="runScenario(io.cucumber.testng.PickleWrapper,io.cucumber.testng.FeatureWrapper)[pri:0, instance:com.script.runner.AllToolsRunner@78dd667e]" started-at="2024-10-03T04:26:42 CDT" name="runScenario" description="Runs Cucumber Scenarios" data-provider="scenarios" finished-at="2024-10-03T04:27:09 CDT" duration-ms="26735" status="PASS">
          <params>
            <param index="0">
              <value>
                <![CDATA["MeasurementTool - To verify that user should be able to measure distance in Sq Kilometers unit with measurement tool option Area"]]>
              </value>
            </param>
            <param index="1">
              <value>
                <![CDATA["Optional[Scenarios for Measurement Tool]"]]>
              </value>
            </param>
          </params>
          <reporter-output>
          </reporter-output>
        </test-method> <!-- runScenario -->
        <test-method signature="runScenario(io.cucumber.testng.PickleWrapper,io.cucumber.testng.FeatureWrapper)[pri:0, instance:com.script.runner.AllToolsRunner@78dd667e]" started-at="2024-10-03T04:27:09 CDT" name="runScenario" description="Runs Cucumber Scenarios" data-provider="scenarios" finished-at="2024-10-03T04:27:30 CDT" duration-ms="21348" status="PASS">
          <params>
            <param index="0">
              <value>
                <![CDATA["MeasurementTool - To verify that user should be able to measure distance in Hectares unit with measurement tool option Area"]]>
              </value>
            </param>
            <param index="1">
              <value>
                <![CDATA["Optional[Scenarios for Measurement Tool]"]]>
              </value>
            </param>
          </params>
          <reporter-output>
          </reporter-output>
        </test-method> <!-- runScenario -->
        <test-method signature="runScenario(io.cucumber.testng.PickleWrapper,io.cucumber.testng.FeatureWrapper)[pri:0, instance:com.script.runner.AllToolsRunner@78dd667e]" started-at="2024-10-03T04:27:30 CDT" name="runScenario" description="Runs Cucumber Scenarios" data-provider="scenarios" finished-at="2024-10-03T04:27:52 CDT" duration-ms="21731" status="PASS">
          <params>
            <param index="0">
              <value>
                <![CDATA["MeasurementTool - To verify that user should be able to measure distance in Sq Yards unit with measurement tool option Area"]]>
              </value>
            </param>
            <param index="1">
              <value>
                <![CDATA["Optional[Scenarios for Measurement Tool]"]]>
              </value>
            </param>
          </params>
          <reporter-output>
          </reporter-output>
        </test-method> <!-- runScenario -->
        <test-method signature="runScenario(io.cucumber.testng.PickleWrapper,io.cucumber.testng.FeatureWrapper)[pri:0, instance:com.script.runner.AllToolsRunner@78dd667e]" started-at="2024-10-03T04:27:52 CDT" name="runScenario" description="Runs Cucumber Scenarios" data-provider="scenarios" finished-at="2024-10-03T04:28:13 CDT" duration-ms="21134" status="PASS">
          <params>
            <param index="0">
              <value>
                <![CDATA["MeasurementTool - To verify that user should be able to measure distance in Sq Feet unit with measurement tool option Area"]]>
              </value>
            </param>
            <param index="1">
              <value>
                <![CDATA["Optional[Scenarios for Measurement Tool]"]]>
              </value>
            </param>
          </params>
          <reporter-output>
          </reporter-output>
        </test-method> <!-- runScenario -->
        <test-method signature="runScenario(io.cucumber.testng.PickleWrapper,io.cucumber.testng.FeatureWrapper)[pri:0, instance:com.script.runner.AllToolsRunner@78dd667e]" started-at="2024-10-03T04:28:13 CDT" name="runScenario" description="Runs Cucumber Scenarios" data-provider="scenarios" finished-at="2024-10-03T04:28:35 CDT" duration-ms="21620" status="PASS">
          <params>
            <param index="0">
              <value>
                <![CDATA["MeasurementTool - To verify that user should be able to measure distance in Sq Feet (US) unit with measurement tool option Area"]]>
              </value>
            </param>
            <param index="1">
              <value>
                <![CDATA["Optional[Scenarios for Measurement Tool]"]]>
              </value>
            </param>
          </params>
          <reporter-output>
          </reporter-output>
        </test-method> <!-- runScenario -->
        <test-method signature="runScenario(io.cucumber.testng.PickleWrapper,io.cucumber.testng.FeatureWrapper)[pri:0, instance:com.script.runner.AllToolsRunner@78dd667e]" started-at="2024-10-03T04:28:35 CDT" name="runScenario" description="Runs Cucumber Scenarios" data-provider="scenarios" finished-at="2024-10-03T04:28:56 CDT" duration-ms="20726" status="PASS">
          <params>
            <param index="0">
              <value>
                <![CDATA["MeasurementTool - To verify that user should be able to measure distance in Sq Meters unit with measurement tool option Area"]]>
              </value>
            </param>
            <param index="1">
              <value>
                <![CDATA["Optional[Scenarios for Measurement Tool]"]]>
              </value>
            </param>
          </params>
          <reporter-output>
          </reporter-output>
        </test-method> <!-- runScenario -->
        <test-method signature="runScenario(io.cucumber.testng.PickleWrapper,io.cucumber.testng.FeatureWrapper)[pri:0, instance:com.script.runner.AllToolsRunner@78dd667e]" started-at="2024-10-03T04:28:56 CDT" name="runScenario" description="Runs Cucumber Scenarios" data-provider="scenarios" finished-at="2024-10-03T04:29:12 CDT" duration-ms="15832" status="PASS">
          <params>
            <param index="0">
              <value>
                <![CDATA["MeasurementTool - To verify that user should be able to measure distance in Miles unit with measurement tool option Distance"]]>
              </value>
            </param>
            <param index="1">
              <value>
                <![CDATA["Optional[Scenarios for Measurement Tool]"]]>
              </value>
            </param>
          </params>
          <reporter-output>
          </reporter-output>
        </test-method> <!-- runScenario -->
        <test-method signature="runScenario(io.cucumber.testng.PickleWrapper,io.cucumber.testng.FeatureWrapper)[pri:0, instance:com.script.runner.AllToolsRunner@78dd667e]" started-at="2024-10-03T04:29:12 CDT" name="runScenario" description="Runs Cucumber Scenarios" data-provider="scenarios" finished-at="2024-10-03T04:29:28 CDT" duration-ms="16416" status="PASS">
          <params>
            <param index="0">
              <value>
                <![CDATA["MeasurementTool - To verify that user should be able to measure distance in Kilometers unit with measurement tool option Distance"]]>
              </value>
            </param>
            <param index="1">
              <value>
                <![CDATA["Optional[Scenarios for Measurement Tool]"]]>
              </value>
            </param>
          </params>
          <reporter-output>
          </reporter-output>
        </test-method> <!-- runScenario -->
        <test-method signature="runScenario(io.cucumber.testng.PickleWrapper,io.cucumber.testng.FeatureWrapper)[pri:0, instance:com.script.runner.AllToolsRunner@78dd667e]" started-at="2024-10-03T04:29:28 CDT" name="runScenario" description="Runs Cucumber Scenarios" data-provider="scenarios" finished-at="2024-10-03T04:29:47 CDT" duration-ms="18585" status="PASS">
          <params>
            <param index="0">
              <value>
                <![CDATA["MeasurementTool - To verify that user should be able to measure distance in Feet unit with measurement tool option Distance"]]>
              </value>
            </param>
            <param index="1">
              <value>
                <![CDATA["Optional[Scenarios for Measurement Tool]"]]>
              </value>
            </param>
          </params>
          <reporter-output>
          </reporter-output>
        </test-method> <!-- runScenario -->
        <test-method signature="runScenario(io.cucumber.testng.PickleWrapper,io.cucumber.testng.FeatureWrapper)[pri:0, instance:com.script.runner.AllToolsRunner@78dd667e]" started-at="2024-10-03T04:29:47 CDT" name="runScenario" description="Runs Cucumber Scenarios" data-provider="scenarios" finished-at="2024-10-03T04:30:02 CDT" duration-ms="15933" status="PASS">
          <params>
            <param index="0">
              <value>
                <![CDATA["MeasurementTool - To verify that user should be able to measure distance in Feet (US) unit with measurement tool option Distance"]]>
              </value>
            </param>
            <param index="1">
              <value>
                <![CDATA["Optional[Scenarios for Measurement Tool]"]]>
              </value>
            </param>
          </params>
          <reporter-output>
          </reporter-output>
        </test-method> <!-- runScenario -->
        <test-method signature="runScenario(io.cucumber.testng.PickleWrapper,io.cucumber.testng.FeatureWrapper)[pri:0, instance:com.script.runner.AllToolsRunner@78dd667e]" started-at="2024-10-03T04:30:02 CDT" name="runScenario" description="Runs Cucumber Scenarios" data-provider="scenarios" finished-at="2024-10-03T04:30:19 CDT" duration-ms="16927" status="PASS">
          <params>
            <param index="0">
              <value>
                <![CDATA["MeasurementTool - To verify that user should be able to measure distance in Meters unit with measurement tool option Distance"]]>
              </value>
            </param>
            <param index="1">
              <value>
                <![CDATA["Optional[Scenarios for Measurement Tool]"]]>
              </value>
            </param>
          </params>
          <reporter-output>
          </reporter-output>
        </test-method> <!-- runScenario -->
        <test-method signature="runScenario(io.cucumber.testng.PickleWrapper,io.cucumber.testng.FeatureWrapper)[pri:0, instance:com.script.runner.AllToolsRunner@78dd667e]" started-at="2024-10-03T04:30:19 CDT" name="runScenario" description="Runs Cucumber Scenarios" data-provider="scenarios" finished-at="2024-10-03T04:30:36 CDT" duration-ms="16262" status="PASS">
          <params>
            <param index="0">
              <value>
                <![CDATA["MeasurementTool - To verify that user should be able to measure distance in Yards unit with measurement tool option Distance"]]>
              </value>
            </param>
            <param index="1">
              <value>
                <![CDATA["Optional[Scenarios for Measurement Tool]"]]>
              </value>
            </param>
          </params>
          <reporter-output>
          </reporter-output>
        </test-method> <!-- runScenario -->
        <test-method signature="runScenario(io.cucumber.testng.PickleWrapper,io.cucumber.testng.FeatureWrapper)[pri:0, instance:com.script.runner.AllToolsRunner@78dd667e]" started-at="2024-10-03T04:30:36 CDT" name="runScenario" description="Runs Cucumber Scenarios" data-provider="scenarios" finished-at="2024-10-03T04:30:52 CDT" duration-ms="16397" status="PASS">
          <params>
            <param index="0">
              <value>
                <![CDATA["MeasurementTool - To verify that user should be able to measure distance in Nautical Miles unit with measurement tool option Distance"]]>
              </value>
            </param>
            <param index="1">
              <value>
                <![CDATA["Optional[Scenarios for Measurement Tool]"]]>
              </value>
            </param>
          </params>
          <reporter-output>
          </reporter-output>
        </test-method> <!-- runScenario -->
        <test-method signature="runScenario(io.cucumber.testng.PickleWrapper,io.cucumber.testng.FeatureWrapper)[pri:0, instance:com.script.runner.AllToolsRunner@78dd667e]" started-at="2024-10-03T04:30:52 CDT" name="runScenario" description="Runs Cucumber Scenarios" data-provider="scenarios" finished-at="2024-10-03T04:31:25 CDT" duration-ms="32506" status="PASS">
          <params>
            <param index="0">
              <value>
                <![CDATA["MeasurementTool - To verify that user should be able to measure distance by creating circle with measurement tool option Distance"]]>
              </value>
            </param>
            <param index="1">
              <value>
                <![CDATA["Optional[Scenarios for Measurement Tool]"]]>
              </value>
            </param>
          </params>
          <reporter-output>
          </reporter-output>
        </test-method> <!-- runScenario -->
        <test-method signature="runScenario(io.cucumber.testng.PickleWrapper,io.cucumber.testng.FeatureWrapper)[pri:0, instance:com.script.runner.AllToolsRunner@78dd667e]" started-at="2024-10-03T04:31:25 CDT" name="runScenario" description="Runs Cucumber Scenarios" data-provider="scenarios" finished-at="2024-10-03T04:31:46 CDT" duration-ms="21186" status="PASS">
          <params>
            <param index="0">
              <value>
                <![CDATA["MeasurementTool - To verify that user should be able to plot point and measure lat and long with measurement tool option Location"]]>
              </value>
            </param>
            <param index="1">
              <value>
                <![CDATA["Optional[Scenarios for Measurement Tool]"]]>
              </value>
            </param>
          </params>
          <reporter-output>
          </reporter-output>
        </test-method> <!-- runScenario -->
        <test-method signature="runScenario(io.cucumber.testng.PickleWrapper,io.cucumber.testng.FeatureWrapper)[pri:0, instance:com.script.runner.AllToolsRunner@78dd667e]" started-at="2024-10-03T04:31:46 CDT" name="runScenario" description="Runs Cucumber Scenarios" data-provider="scenarios" finished-at="2024-10-03T04:32:15 CDT" duration-ms="29070" status="PASS">
          <params>
            <param index="0">
              <value>
                <![CDATA["PopupFunctions - To verify that user should be able to add the marker to the location from the popup option"]]>
              </value>
            </param>
            <param index="1">
              <value>
                <![CDATA["Optional[Scenarios for Popup Functions]"]]>
              </value>
            </param>
          </params>
          <reporter-output>
          </reporter-output>
        </test-method> <!-- runScenario -->
        <test-method signature="runScenario(io.cucumber.testng.PickleWrapper,io.cucumber.testng.FeatureWrapper)[pri:0, instance:com.script.runner.AllToolsRunner@78dd667e]" started-at="2024-10-03T04:32:15 CDT" name="runScenario" description="Runs Cucumber Scenarios" data-provider="scenarios" finished-at="2024-10-03T04:32:45 CDT" duration-ms="29908" status="PASS">
          <params>
            <param index="0">
              <value>
                <![CDATA["PopupFunctions - To verify that user should be able to open attribute table from popup window"]]>
              </value>
            </param>
            <param index="1">
              <value>
                <![CDATA["Optional[Scenarios for Popup Functions]"]]>
              </value>
            </param>
          </params>
          <reporter-output>
          </reporter-output>
        </test-method> <!-- runScenario -->
        <test-method signature="runScenario(io.cucumber.testng.PickleWrapper,io.cucumber.testng.FeatureWrapper)[pri:0, instance:com.script.runner.AllToolsRunner@78dd667e]" started-at="2024-10-03T04:32:45 CDT" name="runScenario" description="Runs Cucumber Scenarios" data-provider="scenarios" finished-at="2024-10-03T04:38:20 CDT" duration-ms="335536" status="PASS">
          <params>
            <param index="0">
              <value>
                <![CDATA["PrintTool - To verify that in Enbridge Landscape Template Layout user is able to print in all the different formats"]]>
              </value>
            </param>
            <param index="1">
              <value>
                <![CDATA["Optional[Scenarios for Print Tool]"]]>
              </value>
            </param>
          </params>
          <reporter-output>
          </reporter-output>
        </test-method> <!-- runScenario -->
        <test-method signature="runScenario(io.cucumber.testng.PickleWrapper,io.cucumber.testng.FeatureWrapper)[pri:0, instance:com.script.runner.AllToolsRunner@78dd667e]" started-at="2024-10-03T04:38:20 CDT" name="runScenario" description="Runs Cucumber Scenarios" data-provider="scenarios" finished-at="2024-10-03T04:44:07 CDT" duration-ms="347014" status="PASS">
          <params>
            <param index="0">
              <value>
                <![CDATA["PrintTool - To verify that in Enbridge Landscape Template Attributes Layout user is able to print in all the different formats"]]>
              </value>
            </param>
            <param index="1">
              <value>
                <![CDATA["Optional[Scenarios for Print Tool]"]]>
              </value>
            </param>
          </params>
          <reporter-output>
          </reporter-output>
        </test-method> <!-- runScenario -->
        <test-method signature="runScenario(io.cucumber.testng.PickleWrapper,io.cucumber.testng.FeatureWrapper)[pri:0, instance:com.script.runner.AllToolsRunner@78dd667e]" started-at="2024-10-03T04:44:07 CDT" name="runScenario" description="Runs Cucumber Scenarios" data-provider="scenarios" finished-at="2024-10-03T04:49:39 CDT" duration-ms="331444" status="PASS">
          <params>
            <param index="0">
              <value>
                <![CDATA["PrintTool - To verify that in Enbridge Portrait Template Layout user is able to print in all the different formats"]]>
              </value>
            </param>
            <param index="1">
              <value>
                <![CDATA["Optional[Scenarios for Print Tool]"]]>
              </value>
            </param>
          </params>
          <reporter-output>
          </reporter-output>
        </test-method> <!-- runScenario -->
        <test-method signature="runScenario(io.cucumber.testng.PickleWrapper,io.cucumber.testng.FeatureWrapper)[pri:0, instance:com.script.runner.AllToolsRunner@78dd667e]" started-at="2024-10-03T04:49:39 CDT" name="runScenario" description="Runs Cucumber Scenarios" data-provider="scenarios" finished-at="2024-10-03T04:55:11 CDT" duration-ms="332650" status="PASS">
          <params>
            <param index="0">
              <value>
                <![CDATA["PrintTool - To verify that in Enbridge Portrait Template Attributes Layout user is able to print in all the different formats"]]>
              </value>
            </param>
            <param index="1">
              <value>
                <![CDATA["Optional[Scenarios for Print Tool]"]]>
              </value>
            </param>
          </params>
          <reporter-output>
          </reporter-output>
        </test-method> <!-- runScenario -->
        <test-method signature="runScenario(io.cucumber.testng.PickleWrapper,io.cucumber.testng.FeatureWrapper)[pri:0, instance:com.script.runner.AllToolsRunner@78dd667e]" started-at="2024-10-03T04:55:11 CDT" name="runScenario" description="Runs Cucumber Scenarios" data-provider="scenarios" finished-at="2024-10-03T04:58:47 CDT" duration-ms="215977" status="PASS">
          <params>
            <param index="0">
              <value>
                <![CDATA["PrintTool - To verify that in LP_ClassLocation_Layout_Static_PROD_10.4 Layout user is able to print in all the different formats"]]>
              </value>
            </param>
            <param index="1">
              <value>
                <![CDATA["Optional[Scenarios for Print Tool]"]]>
              </value>
            </param>
          </params>
          <reporter-output>
          </reporter-output>
        </test-method> <!-- runScenario -->
        <test-method signature="runScenario(io.cucumber.testng.PickleWrapper,io.cucumber.testng.FeatureWrapper)[pri:0, instance:com.script.runner.AllToolsRunner@78dd667e]" started-at="2024-10-03T04:58:47 CDT" name="runScenario" description="Runs Cucumber Scenarios" data-provider="scenarios" finished-at="2024-10-03T05:04:59 CDT" duration-ms="371228" status="PASS">
          <params>
            <param index="0">
              <value>
                <![CDATA["ProximityTool - To verify that user should be able to use proximity tool to locate address on map with Meters unit"]]>
              </value>
            </param>
            <param index="1">
              <value>
                <![CDATA["Optional[Scenarios for Proximity Tool]"]]>
              </value>
            </param>
          </params>
          <reporter-output>
          </reporter-output>
        </test-method> <!-- runScenario -->
        <test-method signature="runScenario(io.cucumber.testng.PickleWrapper,io.cucumber.testng.FeatureWrapper)[pri:0, instance:com.script.runner.AllToolsRunner@78dd667e]" started-at="2024-10-03T05:04:59 CDT" name="runScenario" description="Runs Cucumber Scenarios" data-provider="scenarios" finished-at="2024-10-03T05:05:36 CDT" duration-ms="37031" status="PASS">
          <params>
            <param index="0">
              <value>
                <![CDATA["SelectTool - To verify that user should be able to Select reactangle shape and draw on map where features are available to get the details on line"]]>
              </value>
            </param>
            <param index="1">
              <value>
                <![CDATA["Optional[Scenarios for Directions Tools]"]]>
              </value>
            </param>
          </params>
          <reporter-output>
          </reporter-output>
        </test-method> <!-- runScenario -->
        <test-method signature="runScenario(io.cucumber.testng.PickleWrapper,io.cucumber.testng.FeatureWrapper)[pri:0, instance:com.script.runner.AllToolsRunner@78dd667e]" started-at="2024-10-03T05:05:36 CDT" name="runScenario" description="Runs Cucumber Scenarios" data-provider="scenarios" finished-at="2024-10-03T05:06:11 CDT" duration-ms="35228" status="PASS">
          <params>
            <param index="0">
              <value>
                <![CDATA["SelectTool - To verify that user should be able to Select polygon shape and draw on map where features are available to get the details on line"]]>
              </value>
            </param>
            <param index="1">
              <value>
                <![CDATA["Optional[Scenarios for Directions Tools]"]]>
              </value>
            </param>
          </params>
          <reporter-output>
          </reporter-output>
        </test-method> <!-- runScenario -->
        <test-method signature="runScenario(io.cucumber.testng.PickleWrapper,io.cucumber.testng.FeatureWrapper)[pri:0, instance:com.script.runner.AllToolsRunner@78dd667e]" started-at="2024-10-03T05:06:11 CDT" name="runScenario" description="Runs Cucumber Scenarios" data-provider="scenarios" finished-at="2024-10-03T05:06:47 CDT" duration-ms="36320" status="PASS">
          <params>
            <param index="0">
              <value>
                <![CDATA["SelectTool - To verify that user should be able to Select circle shape and draw on map where features are available to get the details on line"]]>
              </value>
            </param>
            <param index="1">
              <value>
                <![CDATA["Optional[Scenarios for Directions Tools]"]]>
              </value>
            </param>
          </params>
          <reporter-output>
          </reporter-output>
        </test-method> <!-- runScenario -->
        <test-method signature="runScenario(io.cucumber.testng.PickleWrapper,io.cucumber.testng.FeatureWrapper)[pri:0, instance:com.script.runner.AllToolsRunner@78dd667e]" started-at="2024-10-03T05:06:47 CDT" name="runScenario" description="Runs Cucumber Scenarios" data-provider="scenarios" finished-at="2024-10-03T05:07:13 CDT" duration-ms="26270" status="PASS">
          <params>
            <param index="0">
              <value>
                <![CDATA["SelectTool - To verify that user should be able to Select zoom to option of layer after selecting shape by reactangle"]]>
              </value>
            </param>
            <param index="1">
              <value>
                <![CDATA["Optional[Scenarios for Directions Tools]"]]>
              </value>
            </param>
          </params>
          <reporter-output>
          </reporter-output>
        </test-method> <!-- runScenario -->
        <test-method signature="runScenario(io.cucumber.testng.PickleWrapper,io.cucumber.testng.FeatureWrapper)[pri:0, instance:com.script.runner.AllToolsRunner@78dd667e]" started-at="2024-10-03T05:07:13 CDT" name="runScenario" description="Runs Cucumber Scenarios" data-provider="scenarios" finished-at="2024-10-03T05:07:37 CDT" duration-ms="23560" status="PASS">
          <params>
            <param index="0">
              <value>
                <![CDATA["SelectTool - To verify that user should be able to Export layer data to CSV after selecting shape by reactangle"]]>
              </value>
            </param>
            <param index="1">
              <value>
                <![CDATA["Optional[Scenarios for Directions Tools]"]]>
              </value>
            </param>
          </params>
          <reporter-output>
          </reporter-output>
        </test-method> <!-- runScenario -->
        <test-method signature="runScenario(io.cucumber.testng.PickleWrapper,io.cucumber.testng.FeatureWrapper)[pri:0, instance:com.script.runner.AllToolsRunner@78dd667e]" started-at="2024-10-03T05:07:37 CDT" name="runScenario" description="Runs Cucumber Scenarios" data-provider="scenarios" finished-at="2024-10-03T05:07:57 CDT" duration-ms="19607" status="PASS">
          <params>
            <param index="0">
              <value>
                <![CDATA["SelectTool - To verify that user should be able to Export layer data to feature collection after selecting shape by reactangle"]]>
              </value>
            </param>
            <param index="1">
              <value>
                <![CDATA["Optional[Scenarios for Directions Tools]"]]>
              </value>
            </param>
          </params>
          <reporter-output>
          </reporter-output>
        </test-method> <!-- runScenario -->
        <test-method signature="runScenario(io.cucumber.testng.PickleWrapper,io.cucumber.testng.FeatureWrapper)[pri:0, instance:com.script.runner.AllToolsRunner@78dd667e]" started-at="2024-10-03T05:07:57 CDT" name="runScenario" description="Runs Cucumber Scenarios" data-provider="scenarios" finished-at="2024-10-03T05:08:16 CDT" duration-ms="19333" status="PASS">
          <params>
            <param index="0">
              <value>
                <![CDATA["SelectTool - To verify that user should be Export layer data to GeoJSON after selecting shape by reactangle"]]>
              </value>
            </param>
            <param index="1">
              <value>
                <![CDATA["Optional[Scenarios for Directions Tools]"]]>
              </value>
            </param>
          </params>
          <reporter-output>
          </reporter-output>
        </test-method> <!-- runScenario -->
        <test-method signature="runScenario(io.cucumber.testng.PickleWrapper,io.cucumber.testng.FeatureWrapper)[pri:0, instance:com.script.runner.AllToolsRunner@78dd667e]" started-at="2024-10-03T05:08:16 CDT" name="runScenario" description="Runs Cucumber Scenarios" data-provider="scenarios" finished-at="2024-10-03T05:08:42 CDT" duration-ms="26523" status="PASS">
          <params>
            <param index="0">
              <value>
                <![CDATA["SelectTool - To verify that user should be create new layer from layer options after selecting shape by reactangle"]]>
              </value>
            </param>
            <param index="1">
              <value>
                <![CDATA["Optional[Scenarios for Directions Tools]"]]>
              </value>
            </param>
          </params>
          <reporter-output>
          </reporter-output>
        </test-method> <!-- runScenario -->
        <test-method signature="runScenario(io.cucumber.testng.PickleWrapper,io.cucumber.testng.FeatureWrapper)[pri:0, instance:com.script.runner.AllToolsRunner@78dd667e]" started-at="2024-10-03T05:08:42 CDT" name="runScenario" description="Runs Cucumber Scenarios" data-provider="scenarios" finished-at="2024-10-03T05:09:02 CDT" duration-ms="19716" status="PASS">
          <params>
            <param index="0">
              <value>
                <![CDATA["SelectTool - To verify that user should be save the content of layer after selecting shape by reactangle"]]>
              </value>
            </param>
            <param index="1">
              <value>
                <![CDATA["Optional[Scenarios for Directions Tools]"]]>
              </value>
            </param>
          </params>
          <reporter-output>
          </reporter-output>
        </test-method> <!-- runScenario -->
        <test-method signature="runScenario(io.cucumber.testng.PickleWrapper,io.cucumber.testng.FeatureWrapper)[pri:0, instance:com.script.runner.AllToolsRunner@78dd667e]" started-at="2024-10-03T05:09:02 CDT" name="runScenario" description="Runs Cucumber Scenarios" data-provider="scenarios" finished-at="2024-10-03T05:09:28 CDT" duration-ms="26139" status="PASS">
          <params>
            <param index="0">
              <value>
                <![CDATA["SelectTool - To verify that user should be view the layer data in attribute table after selecting shape by reactangle"]]>
              </value>
            </param>
            <param index="1">
              <value>
                <![CDATA["Optional[Scenarios for Directions Tools]"]]>
              </value>
            </param>
          </params>
          <reporter-output>
          </reporter-output>
        </test-method> <!-- runScenario -->
        <test-method signature="runScenario(io.cucumber.testng.PickleWrapper,io.cucumber.testng.FeatureWrapper)[pri:0, instance:com.script.runner.AllToolsRunner@78dd667e]" started-at="2024-10-03T05:09:28 CDT" name="runScenario" description="Runs Cucumber Scenarios" data-provider="scenarios" finished-at="2024-10-03T05:09:52 CDT" duration-ms="24075" status="PASS">
          <params>
            <param index="0">
              <value>
                <![CDATA["SelectTool - To verify that user should be view the statistics of layer data after selecting shape by reactangle"]]>
              </value>
            </param>
            <param index="1">
              <value>
                <![CDATA["Optional[Scenarios for Directions Tools]"]]>
              </value>
            </param>
          </params>
          <reporter-output>
          </reporter-output>
        </test-method> <!-- runScenario -->
        <test-method signature="runScenario(io.cucumber.testng.PickleWrapper,io.cucumber.testng.FeatureWrapper)[pri:0, instance:com.script.runner.AllToolsRunner@78dd667e]" started-at="2024-10-03T05:09:52 CDT" name="runScenario" description="Runs Cucumber Scenarios" data-provider="scenarios" finished-at="2024-10-03T05:10:15 CDT" duration-ms="22333" status="PASS">
          <params>
            <param index="0">
              <value>
                <![CDATA["SelectTool - To verify that user should be clear the selection after selecting shape by reactangle"]]>
              </value>
            </param>
            <param index="1">
              <value>
                <![CDATA["Optional[Scenarios for Directions Tools]"]]>
              </value>
            </param>
          </params>
          <reporter-output>
          </reporter-output>
        </test-method> <!-- runScenario -->
        <test-method signature="runScenario(io.cucumber.testng.PickleWrapper,io.cucumber.testng.FeatureWrapper)[pri:0, instance:com.script.runner.AllToolsRunner@78dd667e]" started-at="2024-10-03T05:10:15 CDT" name="runScenario" description="Runs Cucumber Scenarios" data-provider="scenarios" finished-at="2024-10-03T05:10:47 CDT" duration-ms="32677" status="PASS">
          <params>
            <param index="0">
              <value>
                <![CDATA["ShowStationTool - To verify that user should be able to see the station details using show station tool"]]>
              </value>
            </param>
            <param index="1">
              <value>
                <![CDATA["Optional[Scenarios for Show Station Tools]"]]>
              </value>
            </param>
          </params>
          <reporter-output>
          </reporter-output>
        </test-method> <!-- runScenario -->
        <test-method is-config="true" signature="tearDownClass()[pri:0, instance:com.script.runner.AllToolsRunner@78dd667e]" started-at="2024-10-03T05:10:47 CDT" name="tearDownClass" finished-at="2024-10-03T05:10:48 CDT" duration-ms="510" status="PASS">
          <reporter-output>
          </reporter-output>
        </test-method> <!-- tearDownClass -->
        <test-method is-config="true" signature="SendEmail()[pri:0, instance:com.script.runner.AllToolsRunner@78dd667e]" started-at="2024-10-03T05:10:48 CDT" name="SendEmail" finished-at="2024-10-03T05:10:51 CDT" duration-ms="2685" status="PASS">
          <reporter-output>
          </reporter-output>
        </test-method> <!-- SendEmail -->
      </class> <!-- com.script.runner.AllToolsRunner -->
    </test> <!-- Surefire test -->
  </suite> <!-- Surefire suite -->
</testng-results>
