<?xml version="1.0" encoding="UTF-8"?>
<!-- Generated by org.testng.reporters.JUnitXMLReporter -->
<testsuite ignored="0" hostname="VAZSS2234" failures="0" tests="2" name="Emap UI Test Automation Suite" time="87.087" errors="0" timestamp="2024-08-05T16:02:14 GMT+05:30">
  <testcase classname="io.cucumber.testng.AbstractTestNGCucumberTests" name="runScenario" time="53.197"/>
  <testcase classname="io.cucumber.testng.AbstractTestNGCucumberTests" name="runScenario" time="33.165"/>
</testsuite> <!-- Emap UI Test Automation Suite -->
