<?xml version="1.0" encoding="UTF-8"?>
<!-- Generated by org.testng.reporters.JUnitReportReporter -->
<testsuite hostname="VAZSS2234" failures="1" tests="1" name="com.script.bookmarktool.BookmarkToolRunner" time="41.147" errors="0" timestamp="2024-07-31T16:07:03 GMT+05:30" skipped="0">
  <testcase classname="com.script.bookmarktool.BookmarkToolRunner" name="runScenario" time="41.147">
    <failure message="null" type="java.lang.AssertionError">
      <![CDATA[java.lang.AssertionError: null
at org.testng.Assert.fail(Assert.java:99)
at org.testng.Assert.fail(Assert.java:106)
at com.utilities.StepExecutor.ElementClick(StepExecutor.java:55)
at com.applicationfunctions.common.HomePage.HomePagePopupAccept(HomePage.java:33)
at com.script.bookmarktool.BookmarkToolStepDefinition.ClickBookmarkTool(BookmarkToolStepDefinition.java:34)
at ✽.Bookmark tool is clicked and Bookmark tool is opened SheetName "BookmarkTool" and rownumber 0(file:///C:/Users/kulkars2/Documents/Java/JavaWorkSpace/EMAP_UI_Automation-GTM/Features/BookmarkTool.feature:7)
]]>
    </failure>
  </testcase> <!-- runScenario -->
  <system-out/>
</testsuite> <!-- com.script.bookmarktool.BookmarkToolRunner -->
