<?xml version="1.0" encoding="UTF-8"?>
<!-- Generated by org.testng.reporters.JUnitReportReporter -->
<testsuite hostname="VAZSS2234" failures="1" tests="5" name="com.script.printtool.PrintToolRunner" time="1369.424" errors="0" timestamp="2024-07-23T14:08:43 GMT+05:30" skipped="0">
  <testcase classname="com.script.printtool.PrintToolRunner" name="runScenario" time="40.981">
    <failure message="null" type="java.lang.AssertionError">
      <![CDATA[java.lang.AssertionError: null
at org.testng.Assert.fail(Assert.java:99)
at org.testng.Assert.fail(Assert.java:106)
at com.utilities.StepExecutor.ElementClick(StepExecutor.java:55)
at com.applicationfunction.ToolPrintPage.PrintForEnbridgeTemplateLayout(ToolPrintPage.java:67)
at com.script.printtool.PrintToolStepDefinition.PrintForEnbridgeLandscapeTemplateLayout(PrintToolStepDefinition.java:42)
at ✽.In Enbridge Landscape Template Layout user is able to print in all the different formats SheetName "PrintTool" and rownumber 0(file:///C:/Users/kulkars2/Documents/Java/JavaWorkSpace/EMAP_UI_Automation-GTM/Features/PrintTool.feature:8)
]]>
    </failure>
  </testcase> <!-- runScenario -->
  <system-out/>
  <testcase classname="com.script.printtool.PrintToolRunner" name="runScenario" time="360.657"/>
  <system-out/>
  <testcase classname="com.script.printtool.PrintToolRunner" name="runScenario" time="387.847"/>
  <system-out/>
  <testcase classname="com.script.printtool.PrintToolRunner" name="runScenario" time="216.677"/>
  <system-out/>
  <testcase classname="com.script.printtool.PrintToolRunner" name="runScenario" time="363.262"/>
  <system-out/>
</testsuite> <!-- com.script.printtool.PrintToolRunner -->
