<?xml version="1.0" encoding="UTF-8"?>
<!-- Generated by org.testng.reporters.JUnitReportReporter -->
<testsuite hostname="VAZSS2234" failures="1" tests="6" name="com.script.proximitytool.ProximityToolRunner" time="1071.048" errors="0" timestamp="2024-07-23T14:08:43 GMT+05:30" skipped="0">
  <testcase classname="com.script.proximitytool.ProximityToolRunner" name="runScenario" time="327.031"/>
  <system-out/>
  <testcase classname="com.script.proximitytool.ProximityToolRunner" name="runScenario" time="326.251"/>
  <system-out/>
  <testcase classname="com.script.proximitytool.ProximityToolRunner" name="runScenario" time="21.163"/>
  <system-out/>
  <testcase classname="com.script.proximitytool.ProximityToolRunner" name="runScenario" time="34.078"/>
  <system-out/>
  <testcase classname="com.script.proximitytool.ProximityToolRunner" name="runScenario" time="38.352">
    <failure message="null" type="java.lang.AssertionError">
      <![CDATA[java.lang.AssertionError: null
at org.testng.Assert.fail(Assert.java:99)
at org.testng.Assert.fail(Assert.java:106)
at com.test.validation.TestValidations.ShapeValidation(TestValidations.java:146)
at com.applicationfunction.ToolProximityPage.GetSearchResults(ToolProximityPage.java:98)
at com.script.proximitytool.ProximityToolStepDefinition.GetProximityOnMapWithFeetUnit(ProximityToolStepDefinition.java:61)
at ✽.User should be able to use proximity tool to locate address on map with Feet unit SheetName "ProximityTool" and rownumber 2(file:///C:/Users/kulkars2/Documents/Java/JavaWorkSpace/EMAP_UI_Automation-GTM/Features/ProximityTool.feature:28)
]]>
    </failure>
  </testcase> <!-- runScenario -->
  <system-out/>
  <testcase classname="com.script.proximitytool.ProximityToolRunner" name="runScenario" time="324.173"/>
  <system-out/>
</testsuite> <!-- com.script.proximitytool.ProximityToolRunner -->
