<?xml version="1.0" encoding="UTF-8"?>
<!-- Generated by org.testng.reporters.JUnitReportReporter -->
<testsuite hostname="VAZSS2234" failures="1" tests="4" name="com.script.imagerytool.ImageryToolRunner" time="227.611" errors="0" timestamp="2024-07-23T14:08:43 GMT+05:30" skipped="0">
  <testcase classname="com.script.imagerytool.ImageryToolRunner" name="runScenario" time="54.727"/>
  <system-out/>
  <testcase classname="com.script.imagerytool.ImageryToolRunner" name="runScenario" time="118.518"/>
  <system-out/>
  <testcase classname="com.script.imagerytool.ImageryToolRunner" name="runScenario" time="16.762">
    <failure message="null" type="java.lang.AssertionError">
      <![CDATA[java.lang.AssertionError: null
at org.testng.Assert.fail(Assert.java:99)
at org.testng.Assert.fail(Assert.java:106)
at com.applicationfunction.ToolImageryPage.GetLatLongValue(ToolImageryPage.java:143)
at com.script.imagerytool.ImageryToolStepDefinition.OpenStreetView(ImageryToolStepDefinition.java:56)
at ✽.User can open streetview by setting coordinates on map from streetviewAerial widget(file:///C:/Users/kulkars2/Documents/Java/JavaWorkSpace/EMAP_UI_Automation-GTM/Features/ImageryTool.feature:18)
]]>
    </failure>
  </testcase> <!-- runScenario -->
  <system-out/>
  <testcase classname="com.script.imagerytool.ImageryToolRunner" name="runScenario" time="37.604"/>
  <system-out/>
</testsuite> <!-- com.script.imagerytool.ImageryToolRunner -->
