<?xml version="1.0" encoding="UTF-8"?>
<!-- Generated by org.testng.reporters.JUnitReportReporter -->
<testsuite hostname="VAZSS2234" failures="1" tests="1" name="com.script.runner.BookmarkToolRunner" time="54.115" errors="0" timestamp="2024-08-06T17:13:44 GMT+05:30" skipped="0">
  <testcase classname="com.script.runner.BookmarkToolRunner" name="runScenario" time="54.115">
    <failure message="null" type="java.lang.AssertionError">
      <![CDATA[java.lang.AssertionError: null
at org.testng.Assert.fail(Assert.java:99)
at org.testng.Assert.fail(Assert.java:106)
at com.utilities.StepExecutor.SetText(StepExecutor.java:77)
at com.applicationfunction.ToolBookmarkPage.AddBookmark(ToolBookmarkPage.java:58)
at com.script.stepdefination.BookmarkToolStepDefinition.AddBookmark(BookmarkToolStepDefinition.java:48)
at ✽.User is able to add the bookmark(file:///C:/Users/kulkars2/Documents/Java/JavaWorkSpace/EMAP_UI_Automation-GTM/Features/BookmarkTool.feature:8)
]]>
    </failure>
  </testcase> <!-- runScenario -->
  <system-out/>
</testsuite> <!-- com.script.runner.BookmarkToolRunner -->
