<?xml version="1.0" encoding="UTF-8"?>
<!-- Generated by org.testng.reporters.JUnitReportReporter -->
<testsuite hostname="gtnahouapp139" failures="1" tests="4" name="com.script.imagerytool.ImageryToolRunner" time="149.912" errors="0" timestamp="2024-08-13T05:04:00 CDT" skipped="0">
  <testcase classname="com.script.imagerytool.ImageryToolRunner" name="runScenario" time="48.891"/>
  <system-out/>
  <testcase classname="com.script.imagerytool.ImageryToolRunner" name="runScenario" time="39.245">
    <failure message="null" type="java.lang.AssertionError">
      <![CDATA[java.lang.AssertionError: null
at org.testng.Assert.fail(Assert.java:99)
at org.testng.Assert.fail(Assert.java:106)
at com.applicationfunction.ToolImageryPage.TakePictures(ToolImageryPage.java:215)
at com.applicationfunction.ToolImageryPage.ClickPictometry(ToolImageryPage.java:177)
at com.script.imagerytool.ImageryToolStepDefinition.OpenPictometry(ImageryToolStepDefinition.java:64)
at ✽.User can open pictometry and can see the pictures in widget by plotting points on map(file:///D:/Data/AUTOMATION_ETL/SCHEDULE_TASKS/EMAP_UI_Automation-GTM/Features/ImageryTool.feature:28)
]]>
    </failure>
  </testcase> <!-- runScenario -->
  <system-out/>
  <testcase classname="com.script.imagerytool.ImageryToolRunner" name="runScenario" time="27.357"/>
  <system-out/>
  <testcase classname="com.script.imagerytool.ImageryToolRunner" name="runScenario" time="34.419"/>
  <system-out/>
</testsuite> <!-- com.script.imagerytool.ImageryToolRunner -->
