<?xml version="1.0" encoding="UTF-8"?>
<!-- Generated by org.testng.reporters.JUnitReportReporter -->
<testsuite hostname="VAZSS2234" failures="1" tests="12" name="com.script.runner.SelectToolRunner" time="401.500" errors="0" timestamp="2024-08-05T17:59:47 GMT+05:30" skipped="0">
  <testcase classname="com.script.runner.SelectToolRunner" name="runScenario" time="23.187">
    <failure message="null" type="java.lang.AssertionError">
      <![CDATA[java.lang.AssertionError: null
at org.testng.Assert.fail(Assert.java:99)
at org.testng.Assert.fail(Assert.java:106)
at com.utilities.StepExecutor.ElementClick(StepExecutor.java:55)
at com.applicationfunction.ToolSelectPage.SelectByShape(ToolSelectPage.java:66)
at com.script.stepdefination.SelectToolStepDefinition.SelectViewInAttributeTableOption(SelectToolStepDefinition.java:118)
at ✽.User should be view the layer data in attribute table after selecting shape by reactangle SheetName "SelectTool" and rownumber 9(file:///C:/Users/kulkars2/Documents/Java/JavaWorkSpace/EMAP_UI_Automation-GTM/Features/SelectTool.feature:98)
]]>
    </failure>
  </testcase> <!-- runScenario -->
  <system-out/>
  <testcase classname="com.script.runner.SelectToolRunner" name="runScenario" time="49.982"/>
  <system-out/>
  <testcase classname="com.script.runner.SelectToolRunner" name="runScenario" time="31.734"/>
  <system-out/>
  <testcase classname="com.script.runner.SelectToolRunner" name="runScenario" time="30.932"/>
  <system-out/>
  <testcase classname="com.script.runner.SelectToolRunner" name="runScenario" time="25.925"/>
  <system-out/>
  <testcase classname="com.script.runner.SelectToolRunner" name="runScenario" time="36.793"/>
  <system-out/>
  <testcase classname="com.script.runner.SelectToolRunner" name="runScenario" time="27.293"/>
  <system-out/>
  <testcase classname="com.script.runner.SelectToolRunner" name="runScenario" time="27.223"/>
  <system-out/>
  <testcase classname="com.script.runner.SelectToolRunner" name="runScenario" time="48.682"/>
  <system-out/>
  <testcase classname="com.script.runner.SelectToolRunner" name="runScenario" time="39.477"/>
  <system-out/>
  <testcase classname="com.script.runner.SelectToolRunner" name="runScenario" time="28.603"/>
  <system-out/>
  <testcase classname="com.script.runner.SelectToolRunner" name="runScenario" time="31.669"/>
  <system-out/>
</testsuite> <!-- com.script.runner.SelectToolRunner -->
