<?xml version="1.0" encoding="UTF-8"?>
<!-- Generated by org.testng.reporters.JUnitReportReporter -->
<testsuite hostname="VAZSS2234" failures="1" tests="2" name="com.script.runner.AppdataToolRunner" time="70.488" errors="0" timestamp="2024-08-05T17:59:47 GMT+05:30" skipped="0">
  <testcase classname="com.script.runner.AppdataToolRunner" name="runScenario" time="32.273"/>
  <system-out/>
  <testcase classname="com.script.runner.AppdataToolRunner" name="runScenario" time="38.215">
    <failure message="null" type="java.lang.AssertionError">
      <![CDATA[java.lang.AssertionError: null
at org.testng.Assert.fail(Assert.java:99)
at org.testng.Assert.fail(Assert.java:106)
at com.test.validation.TestValidations.AddDataValidation(TestValidations.java:161)
at com.applicationfunction.ToolAppdataPage.ClickURLSection(ToolAppdataPage.java:61)
at com.script.stepdefination.AppdataToolStepDefinition.AddDataFromWebURL(AppdataToolStepDefinition.java:46)
at ✽.User should be able to add data from a web URL in Appdata tool SheetName "AppdataTool" and rownumber 0(file:///C:/Users/kulkars2/Documents/Java/JavaWorkSpace/EMAP_UI_Automation-GTM/Features/Appdata.feature:8)
]]>
    </failure>
  </testcase> <!-- runScenario -->
  <system-out/>
</testsuite> <!-- com.script.runner.AppdataToolRunner -->
