<?xml version="1.0" encoding="UTF-8"?>
<!-- Generated by org.testng.reporters.JUnitReportReporter -->
<testsuite hostname="gtnahouapp139" failures="1" tests="3" name="com.script.layerlisttool.LayerListToolRunner" time="107.202" errors="0" timestamp="2024-08-13T05:04:00 CDT" skipped="0">
  <testcase classname="com.script.layerlisttool.LayerListToolRunner" name="runScenario" time="38.905"/>
  <system-out/>
  <testcase classname="com.script.layerlisttool.LayerListToolRunner" name="runScenario" time="43.463">
    <failure message="null" type="java.lang.AssertionError">
      <![CDATA[java.lang.AssertionError: null
at org.testng.Assert.fail(Assert.java:99)
at org.testng.Assert.fail(Assert.java:106)
at com.utilities.StepExecutor.ElementClick(StepExecutor.java:55)
at com.applicationfunction.ToolLayerListPage.OptionEnablePopup(ToolLayerListPage.java:115)
at com.applicationfunction.ToolLayerListPage.CheckOptionsLayerList(ToolLayerListPage.java:82)
at com.script.layerlisttool.LayerListToolStepDefinition.SelectPopupMenuOptions(LayerListToolStepDefinition.java:50)
at ✽.User should be able to use the popup menu options like Zoom In and Enable Diable popup of Layer list tool(file:///D:/Data/AUTOMATION_ETL/SCHEDULE_TASKS/EMAP_UI_Automation-GTM/Features/LayerListTool.feature:18)
]]>
    </failure>
  </testcase> <!-- runScenario -->
  <system-out/>
  <testcase classname="com.script.layerlisttool.LayerListToolRunner" name="runScenario" time="24.834"/>
  <system-out/>
</testsuite> <!-- com.script.layerlisttool.LayerListToolRunner -->
